SF:lib/engine/graph_engine.dart
DA:10,1
DA:19,3
DA:20,2
DA:21,1
DA:36,1
DA:37,2
DA:38,3
DA:40,3
DA:45,1
DA:46,4
DA:47,4
DA:48,3
DA:49,1
DA:51,3
DA:52,1
DA:53,1
DA:60,1
DA:61,4
DA:62,4
DA:63,4
DA:64,4
DA:65,1
DA:69,0
DA:70,0
DA:71,0
DA:75,1
DA:77,2
DA:79,0
DA:84,1
DA:85,1
DA:89,0
DA:90,0
DA:93,1
DA:94,2
DA:95,1
DA:97,0
DA:102,1
DA:104,3
DA:105,2
DA:106,2
DA:108,3
DA:113,1
DA:117,1
DA:118,2
DA:122,1
DA:126,1
DA:127,1
DA:128,1
DA:129,1
DA:130,1
DA:131,4
DA:132,1
DA:134,1
DA:138,3
DA:139,1
DA:146,1
DA:147,1
DA:148,1
DA:150,1
DA:151,1
DA:152,1
DA:153,1
DA:154,1
DA:155,4
DA:156,1
DA:158,1
DA:160,4
DA:161,1
DA:165,1
LF:69
LH:62
end_of_record
SF:lib/utils/parsing_utils.dart
DA:7,0
DA:8,0
DA:9,0
DA:11,0
DA:13,0
DA:15,0
DA:17,0
DA:19,0
DA:21,0
DA:23,0
DA:25,0
DA:27,0
DA:35,0
DA:36,0
DA:37,0
DA:39,0
DA:41,0
DA:43,0
DA:45,0
DA:53,1
DA:54,1
DA:55,1
DA:57,1
DA:59,1
DA:61,1
DA:63,1
DA:65,1
DA:73,2
DA:74,1
DA:79,1
DA:80,1
DA:82,1
DA:84,1
DA:86,1
DA:88,1
DA:90,1
DA:92,1
DA:94,1
DA:96,1
DA:98,1
DA:99,1
DA:101,1
DA:103,1
DA:105,1
DA:110,1
DA:112,1
DA:115,2
DA:116,5
DA:120,2
DA:121,1
DA:125,2
DA:126,2
DA:135,1
DA:137,1
DA:140,1
DA:143,2
DA:144,2
DA:145,2
DA:147,3
DA:149,1
DA:162,0
DA:165,0
DA:166,0
DA:168,0
DA:170,0
DA:171,0
DA:172,0
DA:173,0
DA:177,0
DA:186,1
DA:193,1
DA:197,1
DA:202,1
DA:205,1
DA:206,2
DA:207,1
DA:209,1
DA:219,1
DA:222,1
DA:223,2
DA:224,1
DA:226,1
DA:236,1
DA:238,1
DA:239,1
DA:240,1
DA:241,1
DA:242,1
DA:244,1
DA:245,1
DA:251,1
DA:253,2
DA:254,3
DA:256,0
DA:259,0
DA:268,1
DA:269,1
DA:270,1
DA:272,1
DA:274,1
DA:276,1
DA:277,1
DA:279,1
DA:280,1
DA:282,1
DA:283,1
DA:291,1
DA:292,1
DA:293,1
DA:295,1
DA:297,1
DA:299,1
DA:301,1
DA:309,1
DA:310,1
DA:313,1
DA:314,2
DA:317,1
DA:319,1
DA:320,1
DA:322,1
DA:323,1
DA:325,1
DA:326,1
DA:328,1
DA:329,1
DA:331,1
DA:333,1
DA:337,1
DA:339,1
DA:341,1
DA:343,1
DA:347,1
DA:348,1
DA:350,1
DA:351,1
DA:353,1
DA:355,1
DA:357,1
DA:361,1
DA:363,1
LF:141
LH:111
end_of_record
SF:lib/validation/validator.dart
DA:8,1
DA:9,1
DA:13,0
DA:19,0
DA:20,0
DA:21,0
DA:23,0
DA:28,0
DA:29,0
DA:32,0
DA:35,0
DA:36,0
DA:37,0
DA:39,0
DA:45,0
DA:46,0
DA:49,0
DA:53,0
DA:54,0
DA:57,0
DA:62,0
DA:63,0
DA:64,0
DA:65,0
DA:67,0
DA:72,0
DA:76,1
DA:77,1
DA:78,0
DA:81,3
DA:83,0
DA:87,2
DA:88,3
DA:89,2
DA:93,3
DA:94,0
DA:97,1
DA:100,1
DA:101,0
DA:105,1
DA:106,0
DA:107,0
DA:108,0
DA:112,1
DA:116,0
DA:120,0
DA:121,0
DA:124,0
DA:126,0
DA:129,0
DA:130,0
DA:131,0
DA:132,0
DA:133,0
DA:134,0
DA:135,0
DA:143,0
DA:147,0
DA:151,0
DA:153,0
DA:154,0
DA:155,0
DA:156,0
DA:158,0
DA:164,0
DA:165,0
DA:167,0
DA:176,1
LF:68
LH:14
end_of_record
SF:lib/models/config_models.dart
DA:21,0
DA:36,0
DA:37,0
DA:38,0
DA:39,0
DA:40,0
DA:42,0
DA:43,0
DA:45,0
DA:46,0
DA:47,0
DA:48,0
DA:49,0
DA:51,0
DA:52,0
DA:53,0
DA:54,0
DA:56,0
DA:57,0
DA:58,0
DA:74,0
DA:84,0
DA:85,0
DA:86,0
DA:87,0
DA:88,0
DA:90,0
DA:91,0
DA:92,0
DA:94,0
DA:95,0
DA:105,0
DA:110,0
DA:111,0
DA:112,0
DA:113,0
DA:114,0
DA:126,0
DA:132,0
DA:133,0
DA:134,0
DA:135,0
DA:137,0
DA:138,0
DA:141,0
DA:142,0
DA:143,0
DA:165,0
DA:183,0
DA:184,0
DA:185,0
DA:186,0
DA:187,0
DA:188,0
DA:189,0
DA:190,0
DA:191,0
DA:192,0
DA:193,0
DA:194,0
DA:196,0
DA:197,0
DA:198,0
DA:199,0
DA:200,0
DA:211,0
DA:218,0
DA:219,0
DA:220,0
DA:221,0
DA:222,0
DA:223,0
DA:233,0
DA:235,0
DA:236,0
DA:237,0
DA:238,0
DA:239,0
DA:249,0
DA:251,0
DA:252,0
DA:253,0
DA:254,0
DA:255,0
DA:272,0
DA:284,0
DA:285,0
DA:286,0
DA:287,0
DA:288,0
DA:290,0
DA:291,0
DA:292,0
DA:295,0
DA:296,0
DA:297,0
DA:299,0
DA:300,0
DA:303,0
DA:304,0
DA:318,0
DA:327,0
DA:328,0
DA:329,0
DA:330,0
DA:331,0
DA:332,0
DA:333,0
DA:334,0
DA:343,0
DA:345,0
DA:346,0
DA:347,0
DA:348,0
DA:357,0
DA:359,0
DA:360,0
DA:361,0
DA:362,0
DA:373,0
DA:379,0
DA:380,0
DA:381,0
DA:382,0
DA:385,0
DA:386,0
DA:387,0
DA:390,0
DA:391,0
DA:405,0
DA:413,0
DA:414,0
DA:415,0
DA:416,0
DA:417,0
DA:418,0
DA:420,0
DA:421,0
DA:422,0
DA:433,0
DA:440,0
DA:441,0
DA:442,0
DA:443,0
DA:444,0
DA:445,0
DA:456,0
DA:463,0
DA:464,0
DA:465,0
DA:466,0
DA:467,0
DA:468,0
DA:482,1
DA:491,0
DA:492,0
DA:493,0
DA:494,0
DA:495,0
DA:497,0
DA:498,0
DA:501,0
DA:502,0
DA:503,0
DA:504,0
DA:514,0
DA:516,0
DA:517,0
DA:518,0
DA:519,0
DA:521,0
DA:522,0
DA:523,0
DA:524,0
DA:566,1
DA:602,0
DA:603,0
DA:604,0
DA:605,0
DA:606,0
DA:607,0
DA:608,0
DA:609,0
DA:610,0
DA:611,0
DA:612,0
DA:613,0
DA:614,0
DA:615,0
DA:616,0
DA:617,0
DA:618,0
DA:619,0
DA:621,0
DA:622,0
DA:625,0
DA:626,0
DA:627,0
DA:628,0
DA:631,0
DA:632,0
DA:635,0
DA:636,0
DA:639,0
DA:640,0
DA:643,0
DA:644,0
DA:647,0
DA:648,0
DA:651,0
DA:652,0
DA:654,0
DA:656,0
DA:658,0
DA:659,0
DA:662,0
DA:663,0
DA:665,0
DA:666,0
DA:667,0
DA:668,0
DA:669,0
DA:673,0
DA:682,0
DA:683,0
DA:684,0
DA:685,0
DA:686,0
DA:687,0
DA:688,0
DA:689,0
DA:690,0
DA:691,0
DA:692,0
DA:693,0
DA:694,0
DA:695,0
DA:696,0
DA:697,0
DA:698,0
DA:699,0
DA:700,0
DA:701,0
DA:702,0
DA:703,0
DA:704,0
DA:705,0
DA:706,0
DA:707,0
DA:708,0
DA:709,0
DA:710,0
DA:711,0
DA:712,0
DA:713,0
DA:714,0
DA:715,0
DA:729,0
DA:738,0
DA:739,0
DA:740,0
DA:741,0
DA:742,0
DA:743,0
DA:745,0
DA:746,0
DA:748,0
DA:759,0
DA:766,0
DA:767,0
DA:768,0
DA:769,0
DA:770,0
DA:771,0
DA:792,0
DA:808,0
DA:809,0
DA:810,0
DA:811,0
DA:812,0
DA:813,0
DA:814,0
DA:815,0
DA:816,0
DA:817,0
DA:818,0
DA:819,0
DA:820,0
DA:822,0
DA:823,0
DA:826,0
DA:827,0
DA:842,0
DA:852,0
DA:853,0
DA:854,0
DA:856,0
DA:857,0
DA:858,0
DA:859,0
DA:860,0
DA:861,0
DA:862,0
DA:863,0
DA:864,0
DA:867,0
DA:870,0
DA:871,0
DA:872,0
DA:874,0
DA:875,0
DA:876,0
DA:877,0
DA:880,0
DA:893,0
DA:902,0
DA:903,0
DA:904,0
DA:905,0
DA:906,0
DA:907,0
DA:908,0
DA:909,0
DA:928,0
DA:942,0
DA:943,0
DA:944,0
DA:947,0
DA:948,0
DA:949,0
DA:950,0
DA:951,0
DA:952,0
DA:953,0
DA:954,0
DA:955,0
DA:957,0
DA:958,0
DA:961,0
DA:962,0
DA:972,0
DA:974,0
DA:975,0
DA:976,0
DA:977,0
DA:979,0
DA:980,0
DA:982,0
DA:983,0
DA:998,0
DA:1006,0
DA:1007,0
DA:1008,0
DA:1009,0
DA:1010,0
DA:1011,0
DA:1012,0
DA:1024,0
DA:1031,0
DA:1032,0
DA:1034,0
DA:1035,0
DA:1036,0
DA:1037,0
DA:1040,0
DA:1041,0
DA:1042,0
DA:1043,0
DA:1046,0
DA:1047,0
DA:1048,0
DA:1049,0
DA:1051,0
DA:1052,0
DA:1062,0
DA:1064,0
DA:1065,0
DA:1066,0
DA:1067,0
DA:1078,0
DA:1084,0
DA:1085,0
DA:1086,0
DA:1087,0
DA:1088,0
DA:1089,0
DA:1091,0
DA:1094,0
DA:1096,0
DA:1097,0
DA:1099,0
DA:1109,0
DA:1115,0
DA:1116,0
DA:1117,0
DA:1118,0
DA:1119,0
DA:1132,0
DA:1141,0
DA:1142,0
DA:1144,0
DA:1145,0
DA:1146,0
DA:1147,0
DA:1148,0
DA:1149,0
DA:1161,0
DA:1168,0
DA:1169,0
DA:1170,0
DA:1171,0
DA:1172,0
DA:1174,0
DA:1175,0
DA:1185,0
DA:1191,0
DA:1192,0
DA:1193,0
DA:1194,0
DA:1195,0
DA:1205,1
DA:1207,0
DA:1208,0
DA:1209,0
DA:1210,0
DA:1212,0
DA:1213,0
DA:1214,0
DA:1226,1
DA:1233,0
DA:1234,0
DA:1235,0
DA:1236,0
DA:1237,0
DA:1238,0
DA:1248,0
DA:1254,0
DA:1255,0
DA:1256,0
DA:1257,0
DA:1258,0
DA:1268,0
DA:1270,0
DA:1271,0
DA:1272,0
DA:1273,0
DA:1275,0
DA:1276,0
DA:1286,0
DA:1288,0
DA:1289,0
DA:1290,0
DA:1292,0
DA:1302,0
DA:1308,0
DA:1309,0
DA:1310,0
DA:1311,0
DA:1313,0
DA:1314,0
DA:1326,0
DA:1332,0
DA:1333,0
DA:1334,0
DA:1335,0
DA:1336,0
DA:1338,0
DA:1349,0
DA:1356,0
DA:1357,0
DA:1358,0
DA:1359,0
DA:1360,0
DA:1361,0
DA:1372,0
DA:1379,0
DA:1380,0
DA:1381,0
DA:1382,0
DA:1383,0
DA:1384,0
DA:1392,0
DA:1394,0
DA:1395,0
DA:1396,0
DA:1415,0
DA:1431,0
DA:1432,0
DA:1433,0
DA:1434,0
DA:1435,0
DA:1436,0
DA:1437,0
DA:1438,0
DA:1439,0
DA:1440,0
DA:1441,0
DA:1445,0
DA:1446,0
DA:1447,0
DA:1451,0
DA:1452,0
DA:1453,0
DA:1454,0
DA:1455,0
DA:1456,0
DA:1457,0
DA:1458,0
DA:1459,0
DA:1460,0
DA:1461,0
DA:1462,0
DA:1463,0
DA:1467,0
DA:1468,0
LF:515
LH:4
end_of_record
SF:lib/validation/contract_validator.dart
DA:24,2
DA:25,6
DA:26,4
DA:27,0
DA:55,2
DA:56,6
DA:57,4
DA:58,0
DA:75,1
DA:76,3
DA:77,2
DA:78,0
DA:89,0
DA:90,0
DA:91,0
DA:95,2
DA:96,2
DA:97,2
DA:98,2
DA:101,4
DA:102,0
DA:103,0
DA:109,4
DA:110,0
DA:111,0
DA:119,2
DA:121,2
DA:122,4
DA:123,4
DA:124,2
DA:125,2
DA:126,2
DA:134,2
DA:138,4
DA:139,1
DA:140,1
DA:149,4
DA:150,2
DA:154,4
DA:155,2
DA:156,2
DA:163,2
DA:165,2
DA:166,2
DA:173,2
DA:181,2
DA:182,6
DA:183,2
DA:184,2
DA:185,2
DA:195,2
DA:203,2
DA:204,0
DA:205,0
DA:209,4
DA:211,4
DA:212,4
DA:213,2
DA:214,2
DA:215,2
DA:216,2
DA:222,2
DA:223,2
DA:224,1
DA:226,0
DA:229,0
DA:230,0
DA:231,0
DA:239,4
DA:240,1
DA:241,2
DA:242,2
DA:243,1
DA:244,1
DA:245,1
DA:254,4
DA:255,4
DA:256,2
DA:257,2
DA:258,2
DA:268,4
DA:269,1
DA:270,3
DA:271,1
DA:272,1
DA:273,1
DA:283,4
DA:284,0
DA:285,0
DA:286,0
DA:295,1
DA:302,2
DA:303,1
DA:304,1
DA:305,3
DA:306,1
DA:307,1
DA:308,1
DA:309,2
DA:317,0
DA:318,0
DA:319,0
DA:326,1
DA:327,1
DA:328,2
DA:336,2
DA:344,4
DA:345,4
DA:346,4
DA:347,0
DA:348,0
DA:349,0
DA:350,0
DA:358,2
DA:359,1
DA:360,0
DA:361,0
DA:368,2
DA:369,2
DA:370,1
DA:371,1
DA:378,1
DA:379,1
DA:380,1
DA:381,0
DA:382,0
DA:389,1
DA:391,1
DA:392,2
DA:393,0
DA:394,0
DA:395,0
DA:407,2
DA:408,1
DA:409,1
DA:410,2
DA:411,1
DA:412,2
DA:413,1
DA:415,1
DA:416,0
DA:417,0
DA:418,0
DA:429,2
DA:430,2
DA:431,2
DA:432,1
DA:434,1
DA:436,0
DA:437,0
DA:441,1
DA:442,1
DA:443,0
DA:444,0
DA:446,0
DA:453,2
DA:458,5
DA:459,4
DA:460,4
DA:461,2
DA:462,2
DA:463,4
DA:464,2
DA:465,2
DA:466,2
DA:467,2
DA:468,2
DA:475,2
DA:480,4
DA:481,4
DA:482,4
DA:483,2
DA:484,4
DA:485,2
DA:486,4
DA:487,2
DA:488,2
DA:489,2
DA:490,2
DA:491,2
DA:492,2
DA:493,4
DA:494,0
DA:495,0
DA:496,0
DA:503,2
DA:504,2
DA:505,4
DA:506,2
DA:508,2
DA:509,4
DA:511,2
DA:512,0
DA:513,0
DA:515,0
DA:520,0
DA:521,0
DA:522,0
DA:523,0
DA:524,0
DA:526,0
DA:532,0
DA:533,0
DA:535,0
DA:541,2
DA:542,2
DA:544,2
DA:551,2
DA:552,0
DA:553,0
DA:554,0
DA:564,2
DA:569,4
DA:570,5
DA:571,4
DA:573,4
DA:574,4
DA:576,6
DA:578,2
DA:580,0
DA:581,0
DA:582,0
DA:583,0
DA:585,0
DA:586,0
DA:588,0
DA:589,0
DA:598,2
DA:605,0
DA:606,0
DA:613,4
DA:614,2
DA:615,1
DA:616,1
DA:617,1
DA:618,1
DA:622,4
DA:624,4
DA:625,0
DA:626,0
DA:627,0
DA:628,0
DA:634,2
DA:641,4
DA:644,2
DA:646,1
DA:647,1
DA:648,3
DA:649,2
DA:650,1
DA:651,1
DA:653,2
DA:654,1
DA:656,1
DA:657,2
DA:658,1
DA:663,2
DA:664,1
DA:666,2
DA:667,1
DA:668,1
DA:669,1
DA:670,1
DA:680,1
DA:681,2
DA:682,0
DA:683,0
DA:684,0
DA:685,0
DA:686,3
DA:687,0
DA:688,0
DA:689,2
DA:690,2
DA:691,4
DA:692,2
DA:698,2
DA:699,8
DA:705,2
DA:707,2
DA:708,2
DA:709,2
DA:710,6
DA:711,4
DA:712,2
DA:715,12
DA:716,4
DA:717,4
DA:718,14
DA:721,2
DA:723,12
DA:724,4
DA:725,4
DA:726,14
DA:731,2
DA:732,2
DA:733,2
DA:734,4
DA:735,2
DA:736,2
DA:737,4
DA:740,2
DA:741,2
DA:742,6
DA:743,6
DA:744,2
DA:745,4
DA:748,4
DA:750,4
LF:309
LH:230
end_of_record
SF:lib/validation/validation_result.dart
DA:12,2
DA:25,2
DA:27,0
DA:28,0
DA:36,1
DA:38,0
DA:39,0
DA:48,2
LF:8
LH:4
end_of_record
SF:lib/analytics/widgets/component_tracker.dart
DA:29,2
DA:40,2
DA:41,2
DA:47,2
DA:49,4
DA:52,4
DA:53,2
DA:60,2
DA:61,2
DA:62,4
DA:68,2
DA:73,4
DA:75,2
DA:76,12
DA:78,2
DA:80,4
DA:81,4
DA:82,4
DA:83,2
DA:84,4
DA:85,0
DA:87,2
DA:90,4
LF:23
LH:22
end_of_record
SF:lib/analytics/services/analytics_service.dart
DA:12,9
DA:13,6
DA:14,3
DA:37,0
DA:38,0
DA:42,1
DA:50,1
DA:51,1
DA:52,1
DA:53,0
DA:54,0
DA:55,1
DA:59,3
DA:60,3
DA:61,6
DA:62,3
DA:64,12
DA:65,18
DA:70,0
DA:78,0
DA:79,0
DA:81,0
DA:86,0
DA:87,0
DA:90,0
DA:94,1
DA:98,1
DA:99,1
DA:101,1
DA:104,1
DA:106,1
DA:110,0
DA:116,0
DA:117,0
DA:119,0
DA:124,0
DA:125,0
DA:127,0
DA:131,1
DA:132,2
DA:133,0
DA:136,1
DA:137,4
DA:141,0
DA:142,0
DA:146,0
DA:147,0
DA:148,0
DA:154,0
DA:155,0
DA:156,0
DA:157,0
DA:159,0
DA:162,0
DA:168,3
DA:169,6
DA:172,9
DA:173,3
DA:174,3
DA:175,9
DA:177,3
DA:179,6
DA:180,9
DA:181,2
DA:182,3
DA:187,3
DA:188,3
DA:189,12
DA:190,3
DA:191,6
DA:192,1
DA:193,3
DA:194,3
DA:195,9
DA:199,6
DA:200,9
DA:201,2
DA:202,3
DA:207,7
DA:208,1
DA:209,2
DA:210,2
DA:211,2
DA:215,7
DA:216,1
DA:217,2
DA:218,3
DA:219,2
DA:221,2
DA:222,1
DA:223,1
DA:224,2
DA:225,0
DA:226,0
DA:233,3
DA:234,9
DA:235,3
DA:239,0
DA:240,0
DA:241,0
DA:242,0
DA:243,0
DA:247,0
DA:248,0
DA:250,0
DA:251,0
DA:252,0
DA:257,1
DA:258,2
DA:259,2
DA:260,1
LF:111
LH:69
end_of_record
SF:lib/analytics/models/tracking_event.dart
DA:76,3
DA:93,0
DA:94,0
DA:95,0
DA:96,0
DA:97,0
DA:98,0
DA:100,0
DA:101,0
DA:102,0
DA:103,0
DA:104,0
DA:105,0
DA:106,0
DA:107,0
DA:108,0
DA:109,0
DA:111,0
DA:112,0
DA:117,0
DA:118,0
DA:119,0
DA:120,0
DA:121,0
DA:122,0
DA:123,0
DA:124,0
DA:125,0
DA:126,0
DA:127,0
DA:128,0
DA:129,0
DA:130,0
DA:131,0
DA:136,0
DA:137,0
DA:138,0
DA:139,0
DA:140,0
DA:141,0
DA:142,0
DA:143,0
DA:145,0
DA:146,0
DA:147,0
DA:149,0
DA:150,0
DA:151,0
DA:152,0
DA:153,0
DA:154,0
DA:160,0
DA:161,0
DA:162,0
DA:163,0
DA:164,0
DA:165,0
DA:166,0
DA:167,0
DA:168,0
DA:169,0
DA:170,0
DA:171,0
DA:173,0
DA:178,0
DA:179,0
DA:180,0
DA:181,0
DA:185,0
DA:186,0
DA:187,0
DA:188,0
DA:189,0
DA:190,0
DA:191,0
DA:195,0
DA:197,0
DA:200,0
DA:203,0
DA:206,0
DA:207,0
LF:81
LH:1
end_of_record
SF:lib/widgets/enhanced_page_builder.dart
DA:13,1
DA:15,1
DA:16,1
DA:22,1
DA:24,1
DA:26,1
DA:29,1
DA:32,1
DA:33,1
DA:36,1
DA:37,2
DA:38,3
DA:43,1
DA:44,2
DA:45,3
DA:51,1
DA:52,1
DA:54,1
DA:55,3
DA:56,1
DA:58,1
DA:59,3
DA:67,1
DA:69,1
DA:72,3
DA:73,0
DA:74,0
DA:75,0
DA:81,3
DA:82,0
DA:83,0
DA:84,0
DA:88,2
DA:91,0
DA:92,0
DA:94,0
DA:95,0
DA:97,0
DA:98,0
DA:101,0
DA:102,0
DA:103,0
DA:104,0
DA:106,0
DA:112,1
DA:114,3
DA:115,3
DA:116,1
DA:118,4
DA:119,1
DA:120,0
DA:121,1
DA:122,0
DA:125,1
DA:129,0
DA:130,0
DA:132,0
DA:139,0
DA:140,0
DA:141,0
DA:143,0
DA:152,1
DA:153,1
DA:155,1
DA:162,0
DA:165,0
DA:166,0
DA:167,0
DA:168,0
DA:169,0
DA:170,0
LF:71
LH:38
end_of_record
SF:lib/events/action_dispatcher.dart
DA:13,0
DA:14,0
DA:17,0
DA:22,0
DA:23,0
DA:24,0
DA:27,0
DA:29,0
DA:31,0
DA:32,0
DA:34,0
DA:35,0
DA:36,0
DA:38,0
DA:39,0
DA:41,0
DA:42,0
DA:44,0
DA:45,0
DA:47,0
DA:48,0
DA:50,0
DA:51,0
DA:53,0
DA:54,0
DA:56,0
DA:57,0
DA:59,0
DA:60,0
DA:62,0
DA:63,0
DA:65,0
DA:66,0
DA:68,0
DA:69,0
DA:71,0
DA:72,0
DA:74,0
DA:75,0
DA:78,0
DA:82,0
DA:83,0
DA:85,0
DA:88,0
DA:89,0
DA:90,0
DA:93,0
DA:94,0
DA:97,0
DA:100,0
DA:102,0
DA:107,0
DA:111,0
DA:114,0
DA:115,0
DA:117,0
DA:123,0
DA:125,0
DA:129,0
DA:133,0
DA:134,0
DA:137,0
DA:138,0
DA:141,0
DA:142,0
DA:143,0
DA:147,0
DA:152,0
DA:154,0
DA:157,0
DA:158,0
DA:163,0
DA:164,0
DA:165,0
DA:168,0
DA:172,0
DA:174,0
DA:175,0
DA:177,0
DA:178,0
DA:179,0
DA:180,0
DA:181,0
DA:182,0
DA:187,0
DA:194,0
DA:195,0
DA:200,0
DA:201,0
DA:209,0
DA:210,0
DA:211,0
DA:212,0
DA:213,0
DA:214,0
DA:215,0
DA:216,0
DA:217,0
DA:218,0
DA:219,0
DA:221,0
DA:222,0
DA:223,0
DA:224,0
DA:225,0
DA:226,0
DA:229,0
DA:231,0
DA:238,0
DA:240,0
DA:241,0
DA:243,0
DA:244,0
DA:245,0
DA:250,0
DA:254,0
DA:257,0
DA:261,0
DA:264,0
DA:266,0
DA:267,0
DA:269,0
DA:273,0
DA:278,0
DA:280,0
DA:283,0
DA:285,0
DA:286,0
DA:287,0
DA:289,0
DA:296,0
DA:300,0
DA:302,0
DA:305,0
DA:307,0
DA:308,0
DA:309,0
DA:311,0
DA:318,0
DA:323,0
DA:324,0
DA:325,0
DA:326,0
DA:329,0
DA:332,0
DA:333,0
DA:336,0
DA:337,0
DA:338,0
DA:340,0
DA:342,0
DA:349,0
DA:350,0
DA:355,0
DA:356,0
DA:357,0
DA:359,0
DA:360,0
DA:361,0
DA:362,0
DA:367,0
DA:370,0
DA:371,0
DA:372,0
DA:374,0
DA:375,0
DA:376,0
DA:378,0
DA:385,0
DA:389,0
DA:393,0
DA:396,0
DA:400,0
DA:402,0
DA:405,0
DA:412,0
DA:413,0
DA:414,0
DA:416,0
DA:418,0
DA:426,0
DA:430,0
DA:431,0
DA:433,0
DA:436,0
DA:437,0
DA:438,0
DA:439,0
DA:440,0
DA:442,0
DA:449,0
DA:450,0
DA:453,0
DA:454,0
DA:456,0
DA:459,0
DA:460,0
DA:462,0
DA:465,0
DA:469,0
DA:472,0
DA:474,0
DA:475,0
DA:476,0
DA:478,0
LF:205
LH:0
end_of_record
SF:lib/services/api_service.dart
DA:8,0
DA:9,0
DA:10,0
DA:22,0
DA:23,0
DA:24,0
DA:25,0
DA:26,0
DA:29,0
DA:31,0
DA:32,0
DA:33,0
DA:34,0
DA:35,0
DA:43,0
DA:44,0
DA:48,0
DA:49,0
DA:53,0
DA:60,0
DA:62,0
DA:65,0
DA:67,0
DA:68,0
DA:73,0
DA:74,0
DA:75,0
DA:77,0
DA:81,0
DA:85,0
DA:87,0
DA:88,0
DA:90,0
DA:96,0
DA:97,0
DA:100,0
DA:103,0
DA:104,0
DA:105,0
DA:106,0
DA:107,0
DA:112,0
DA:119,0
DA:126,0
DA:130,0
DA:137,0
DA:142,0
DA:146,0
DA:147,0
DA:150,0
DA:151,0
DA:155,0
DA:156,0
DA:159,0
DA:160,0
DA:164,0
DA:166,0
DA:167,0
DA:171,0
DA:172,0
DA:173,0
DA:175,0
DA:179,0
DA:186,0
DA:187,0
DA:188,0
DA:192,0
DA:196,0
DA:197,0
DA:198,0
DA:199,0
DA:201,0
DA:208,0
DA:209,0
DA:210,0
DA:211,0
DA:213,0
DA:215,0
DA:220,0
DA:222,0
DA:223,0
DA:226,0
DA:227,0
DA:228,0
DA:231,0
DA:239,0
DA:240,0
DA:242,0
DA:244,0
DA:246,0
DA:249,0
DA:250,0
DA:251,0
DA:253,0
DA:254,0
DA:257,0
DA:260,0
DA:261,0
DA:264,0
DA:267,0
DA:268,0
DA:271,0
DA:274,0
DA:275,0
DA:278,0
DA:282,0
DA:287,0
DA:288,0
DA:291,0
DA:292,0
DA:296,0
DA:300,0
DA:303,0
DA:305,0
DA:306,0
DA:308,0
DA:312,0
DA:318,0
DA:319,0
DA:320,0
DA:321,0
DA:323,0
DA:324,0
DA:325,0
DA:327,0
DA:328,0
DA:332,0
DA:333,0
DA:334,0
DA:335,0
DA:338,0
DA:339,0
DA:340,0
DA:341,0
DA:348,0
DA:350,0
DA:351,0
DA:352,0
DA:355,0
DA:356,0
DA:357,0
DA:358,0
DA:359,0
DA:364,0
DA:365,0
DA:366,0
DA:367,0
DA:368,0
DA:369,0
DA:370,0
DA:376,0
DA:381,0
DA:382,0
DA:383,0
DA:384,0
DA:386,0
DA:387,0
DA:388,0
DA:389,0
DA:390,0
DA:391,0
DA:392,0
DA:393,0
DA:394,0
DA:398,0
DA:399,0
DA:400,0
DA:401,0
DA:402,0
DA:403,0
DA:404,0
DA:409,0
DA:411,0
DA:412,0
DA:413,0
DA:416,0
DA:417,0
DA:418,0
DA:421,0
DA:422,0
DA:423,0
DA:426,0
DA:427,0
DA:429,0
DA:430,0
DA:437,0
DA:442,0
DA:444,0
DA:445,0
DA:449,0
DA:450,0
DA:452,0
DA:455,0
DA:456,0
DA:457,0
DA:459,0
DA:460,0
DA:461,0
DA:462,0
DA:463,0
DA:465,0
DA:467,0
DA:468,0
DA:469,0
DA:470,0
DA:472,0
DA:473,0
DA:474,0
DA:477,0
DA:478,0
DA:479,0
DA:483,0
DA:484,0
DA:485,0
DA:486,0
DA:487,0
DA:490,0
DA:491,0
DA:492,0
DA:501,0
DA:502,0
DA:503,0
DA:507,0
DA:509,0
DA:511,0
DA:513,0
DA:515,0
DA:517,0
DA:520,0
DA:524,0
DA:528,0
DA:534,0
DA:535,0
DA:536,0
DA:538,0
DA:539,0
DA:540,0
DA:547,0
DA:553,0
DA:554,0
DA:555,0
DA:558,0
DA:559,0
DA:564,0
DA:570,0
DA:571,0
DA:573,0
DA:581,0
DA:582,0
DA:586,0
DA:587,0
DA:588,0
DA:599,0
DA:613,0
DA:619,0
DA:627,0
DA:629,0
DA:631,0
DA:640,0
DA:641,0
DA:642,0
DA:646,0
DA:647,0
DA:651,0
DA:652,0
DA:656,0
DA:657,0
DA:661,0
DA:667,0
DA:668,0
DA:671,0
DA:678,0
DA:682,0
DA:690,0
DA:697,0
DA:704,0
DA:708,0
DA:711,0
DA:712,0
DA:715,0
DA:719,0
DA:721,0
DA:722,0
DA:723,0
DA:739,0
DA:746,0
DA:747,0
DA:748,0
DA:749,0
DA:750,0
DA:751,0
LF:291
LH:0
end_of_record
SF:lib/state/state_manager.dart
DA:9,0
DA:10,0
DA:11,0
DA:12,0
DA:30,0
DA:31,0
DA:32,0
DA:33,0
DA:34,0
DA:37,0
DA:38,0
DA:41,0
DA:42,0
DA:43,0
DA:45,0
DA:46,0
DA:47,0
DA:48,0
DA:54,0
DA:55,0
DA:56,0
DA:58,0
DA:60,0
DA:61,0
DA:62,0
DA:64,0
DA:65,0
DA:66,0
DA:67,0
DA:68,0
DA:75,0
DA:76,0
DA:77,0
DA:80,0
DA:81,0
DA:82,0
DA:83,0
DA:84,0
DA:85,0
DA:86,0
DA:87,0
DA:91,0
DA:94,0
DA:95,0
DA:96,0
DA:97,0
DA:98,0
DA:99,0
DA:100,0
DA:101,0
DA:102,0
DA:103,0
DA:107,0
DA:111,0
DA:114,0
DA:116,0
DA:117,0
DA:118,0
DA:119,0
DA:120,0
DA:129,0
DA:135,0
DA:136,0
DA:138,0
DA:139,0
DA:140,0
DA:150,0
DA:151,0
DA:152,0
DA:154,0
DA:156,0
DA:157,0
DA:158,0
DA:159,0
DA:160,0
DA:161,0
DA:162,0
DA:163,0
DA:170,0
DA:171,0
DA:175,0
DA:177,0
DA:178,0
DA:179,0
DA:181,0
DA:182,0
DA:184,0
DA:185,0
DA:186,0
DA:190,0
DA:191,0
DA:195,0
DA:196,0
DA:200,0
DA:201,0
DA:203,0
DA:205,0
DA:206,0
DA:207,0
DA:209,0
DA:210,0
DA:212,0
DA:213,0
DA:214,0
DA:218,0
DA:219,0
DA:223,0
DA:224,0
DA:226,0
DA:228,0
DA:229,0
DA:231,0
DA:238,0
DA:239,0
DA:241,0
DA:243,0
DA:244,0
DA:246,0
DA:251,0
DA:252,0
DA:256,0
DA:257,0
DA:258,0
DA:259,0
DA:263,0
DA:264,0
DA:268,0
DA:269,0
DA:270,0
DA:271,0
DA:275,0
DA:276,0
DA:277,0
DA:278,0
DA:279,0
DA:280,0
DA:281,0
DA:282,0
DA:286,0
DA:287,0
DA:288,0
DA:289,0
DA:290,0
DA:294,0
DA:295,0
DA:299,0
DA:300,0
DA:304,0
DA:305,0
DA:306,0
DA:307,0
DA:309,0
DA:310,0
DA:311,0
DA:315,0
DA:316,0
DA:317,0
DA:318,0
DA:320,0
DA:321,0
DA:322,0
LF:161
LH:0
end_of_record
SF:lib/navigation/navigation_bridge.dart
DA:5,0
DA:7,0
DA:8,0
DA:10,0
LF:4
LH:0
end_of_record
SF:lib/events/event_bus.dart
DA:5,0
DA:6,0
DA:7,0
DA:12,0
DA:14,0
DA:16,0
DA:23,0
DA:29,0
DA:35,0
LF:9
LH:0
end_of_record
SF:lib/events/action_middleware.dart
DA:6,0
DA:7,0
DA:8,0
DA:16,0
DA:18,0
DA:21,0
DA:23,0
DA:26,0
DA:32,0
DA:37,0
DA:38,0
DA:39,0
DA:40,0
DA:44,0
DA:45,0
DA:46,0
DA:50,0
DA:51,0
DA:52,0
DA:56,0
DA:61,0
DA:62,0
DA:66,0
DA:67,0
LF:24
LH:0
end_of_record
SF:lib/permissions/permission_manager.dart
DA:10,0
DA:11,0
DA:15,0
DA:16,0
DA:17,0
DA:21,0
DA:22,0
DA:23,0
DA:26,0
DA:27,0
DA:29,0
DA:31,0
DA:35,0
DA:38,0
DA:39,0
DA:40,0
DA:42,0
DA:45,0
DA:51,0
DA:52,0
DA:53,0
DA:54,0
DA:55,0
DA:57,0
DA:58,0
DA:65,0
DA:66,0
DA:70,0
DA:71,0
DA:72,0
DA:77,0
DA:78,0
DA:79,0
DA:84,0
DA:85,0
DA:87,0
DA:91,0
DA:94,0
DA:96,0
DA:100,0
DA:101,0
DA:108,0
DA:109,0
DA:113,0
DA:114,0
DA:118,0
DA:119,0
DA:123,0
DA:124,0
LF:49
LH:0
end_of_record
SF:lib/persistence/state_persistence.dart
DA:17,0
DA:19,0
DA:22,0
DA:24,0
DA:25,0
DA:28,0
DA:30,0
DA:31,0
DA:32,0
DA:33,0
DA:34,0
DA:35,0
DA:36,0
DA:37,0
DA:38,0
DA:40,0
DA:44,0
DA:46,0
DA:47,0
DA:50,0
DA:52,0
DA:53,0
DA:54,0
DA:55,0
DA:57,0
DA:58,0
DA:63,0
DA:65,0
DA:67,0
DA:69,0
DA:70,0
DA:71,0
DA:80,0
DA:83,0
DA:85,0
DA:88,0
DA:90,0
DA:91,0
DA:93,0
DA:99,0
DA:101,0
DA:102,0
DA:103,0
DA:104,0
DA:106,0
DA:110,0
DA:112,0
DA:115,0
DA:117,0
DA:118,0
DA:119,0
DA:120,0
DA:122,0
DA:124,0
DA:131,0
DA:134,0
DA:136,0
DA:137,0
DA:138,0
LF:59
LH:0
end_of_record
SF:lib/widgets/component_factory.dart
DA:21,0
DA:22,0
DA:23,0
DA:24,0
DA:25,0
DA:31,0
DA:33,0
DA:35,0
DA:36,0
DA:37,0
DA:40,0
DA:42,0
DA:45,0
DA:47,0
DA:52,0
DA:57,1
DA:59,1
DA:60,0
DA:66,1
DA:68,1
DA:69,1
DA:70,1
DA:71,1
DA:72,1
DA:73,0
DA:74,1
DA:75,0
DA:76,1
DA:77,1
DA:78,0
DA:79,0
DA:80,0
DA:81,0
DA:82,0
DA:83,0
DA:84,0
DA:85,0
DA:86,0
DA:87,0
DA:88,0
DA:89,0
DA:90,0
DA:91,0
DA:92,0
DA:93,0
DA:94,0
DA:95,0
DA:96,0
DA:97,0
DA:98,0
DA:99,0
DA:100,0
DA:101,0
DA:102,0
DA:103,0
DA:104,0
DA:105,0
DA:106,0
DA:107,0
DA:108,0
DA:109,0
DA:110,0
DA:111,0
DA:112,0
DA:113,0
DA:114,0
DA:115,0
DA:116,0
DA:117,0
DA:119,0
DA:120,0
DA:122,0
DA:123,0
DA:129,1
DA:132,1
DA:134,0
DA:135,0
DA:136,0
DA:137,0
DA:138,0
DA:139,0
DA:140,0
DA:141,0
DA:142,0
DA:143,0
DA:144,0
DA:145,0
DA:146,0
DA:147,0
DA:148,0
DA:151,0
DA:152,0
DA:153,0
DA:154,0
DA:155,0
DA:156,0
DA:157,0
DA:158,0
DA:159,0
DA:160,0
DA:161,0
DA:162,0
DA:163,0
DA:164,0
DA:165,0
DA:166,0
DA:167,0
DA:168,0
DA:169,0
DA:170,0
DA:171,0
DA:172,0
DA:173,0
DA:174,0
DA:175,0
DA:177,0
DA:178,0
DA:179,0
DA:180,0
DA:181,0
DA:182,0
DA:183,0
DA:187,0
DA:190,0
DA:191,0
DA:192,0
DA:198,1
DA:199,1
DA:202,0
DA:203,0
DA:206,0
DA:207,0
DA:210,1
DA:211,1
DA:213,2
DA:215,1
DA:216,0
DA:217,0
DA:219,1
DA:220,1
DA:221,1
DA:222,1
DA:224,2
DA:225,0
DA:226,1
DA:227,2
DA:229,2
DA:235,0
DA:236,0
DA:239,0
DA:240,0
DA:243,0
DA:245,0
DA:246,0
DA:247,0
DA:248,0
DA:249,0
DA:251,0
DA:253,0
DA:254,0
DA:255,0
DA:257,0
DA:258,0
DA:259,0
DA:260,0
DA:265,0
DA:269,0
DA:271,0
DA:272,0
DA:273,0
DA:275,0
DA:276,0
DA:277,0
DA:278,0
DA:285,0
DA:289,0
DA:290,0
DA:293,0
DA:294,0
DA:297,0
DA:298,0
DA:301,0
DA:302,0
DA:305,0
DA:306,0
DA:307,0
DA:308,0
DA:314,0
DA:319,0
DA:321,0
DA:322,0
DA:323,0
DA:324,0
DA:325,0
DA:326,0
DA:327,0
DA:328,0
DA:336,1
DA:337,1
DA:340,1
DA:342,1
DA:344,1
DA:346,1
DA:353,1
DA:355,1
DA:357,1
DA:359,1
DA:366,0
DA:368,0
DA:370,0
DA:372,0
DA:374,0
DA:376,0
DA:383,0
DA:385,0
DA:387,0
DA:389,0
DA:391,0
DA:398,0
DA:399,0
DA:401,0
DA:402,0
DA:403,0
DA:409,0
DA:411,0
DA:412,0
DA:413,0
DA:414,0
DA:416,0
DA:418,0
DA:420,0
DA:421,0
DA:426,0
DA:428,0
DA:429,0
DA:430,0
DA:431,0
DA:433,0
DA:434,0
DA:436,0
DA:438,0
DA:439,0
DA:441,0
DA:442,0
DA:443,0
DA:445,0
DA:446,0
DA:447,0
DA:448,0
DA:449,0
DA:455,0
DA:462,0
DA:463,0
DA:466,0
DA:468,0
DA:469,0
DA:470,0
DA:472,0
DA:482,0
DA:484,0
DA:486,0
DA:487,0
DA:488,0
DA:489,0
DA:493,0
DA:495,0
DA:497,0
DA:498,0
DA:499,0
DA:500,0
DA:504,0
DA:506,0
DA:507,0
DA:510,0
DA:513,0
DA:515,0
DA:517,0
DA:519,0
DA:520,0
DA:521,0
DA:522,0
DA:524,0
DA:531,0
DA:532,0
DA:535,0
DA:536,0
DA:537,0
DA:539,0
DA:540,0
DA:541,0
DA:542,0
DA:543,0
DA:544,0
DA:545,0
DA:546,0
DA:548,0
DA:549,0
DA:550,0
DA:552,0
DA:553,0
DA:558,0
DA:569,0
DA:571,0
DA:576,0
DA:578,0
DA:580,0
DA:581,0
DA:582,0
DA:583,0
DA:587,0
DA:597,0
DA:599,0
DA:600,0
DA:612,0
DA:614,0
DA:616,0
DA:617,0
DA:619,0
DA:620,0
DA:621,0
DA:622,0
DA:627,0
DA:628,0
DA:630,0
DA:631,0
DA:633,0
DA:635,0
DA:636,0
DA:637,0
DA:638,0
DA:639,0
DA:641,0
DA:646,0
DA:647,0
DA:648,0
DA:649,0
DA:652,0
DA:653,0
DA:654,0
DA:656,0
DA:657,0
DA:658,0
DA:661,0
DA:663,0
DA:664,0
DA:666,0
DA:667,0
DA:669,0
DA:670,0
DA:671,0
DA:674,0
DA:676,0
DA:677,0
DA:678,0
DA:679,0
DA:680,0
DA:685,0
DA:687,0
DA:688,0
DA:689,0
DA:693,0
DA:694,0
DA:695,0
DA:699,0
DA:700,0
DA:701,0
DA:705,0
DA:709,0
DA:711,0
DA:715,0
DA:716,0
DA:718,0
DA:723,0
DA:724,0
DA:725,0
DA:731,0
DA:732,0
DA:733,0
DA:734,0
DA:739,0
DA:741,0
DA:742,0
DA:747,0
DA:753,0
DA:754,0
DA:755,0
DA:762,0
DA:766,0
DA:770,0
DA:771,0
DA:773,0
DA:780,0
DA:782,0
DA:783,0
DA:784,0
DA:789,0
DA:791,0
DA:792,0
DA:794,0
DA:801,0
DA:802,0
DA:803,0
DA:812,0
DA:814,0
DA:815,0
DA:822,0
DA:825,0
DA:827,0
DA:828,0
DA:829,0
DA:831,0
DA:832,0
DA:833,0
DA:834,0
DA:835,0
DA:837,0
DA:838,0
DA:841,0
LF:418
LH:37
end_of_record
SF:lib/widgets/media_widgets.dart
DA:11,0
DA:19,0
DA:21,0
DA:24,0
DA:25,0
DA:26,0
DA:33,0
DA:34,0
DA:35,0
DA:42,0
DA:44,0
DA:45,0
DA:48,0
DA:50,0
DA:51,0
DA:52,0
DA:53,0
DA:54,0
DA:56,0
DA:57,0
DA:58,0
DA:60,0
DA:63,0
DA:71,0
DA:72,0
DA:73,0
DA:80,0
DA:82,0
DA:83,0
DA:84,0
DA:85,0
DA:86,0
DA:87,0
DA:88,0
DA:92,0
DA:94,0
DA:95,0
DA:98,0
DA:100,0
DA:106,0
DA:107,0
DA:108,0
DA:110,0
DA:111,0
DA:112,0
DA:114,0
DA:115,0
DA:119,0
DA:120,0
DA:121,0
DA:122,0
DA:123,0
DA:135,0
DA:137,0
DA:138,0
DA:144,0
DA:146,0
DA:147,0
DA:148,0
DA:149,0
DA:150,0
DA:153,0
DA:155,0
LF:63
LH:0
end_of_record
SF:lib/widgets/components/switch_component.dart
DA:8,0
DA:10,0
DA:12,0
DA:13,0
DA:14,0
DA:16,0
DA:18,0
DA:19,0
DA:22,0
DA:23,0
DA:25,0
DA:26,0
DA:29,0
DA:30,0
DA:32,0
DA:33,0
DA:34,0
DA:35,0
DA:36,0
DA:39,0
DA:41,0
DA:42,0
DA:43,0
DA:48,0
LF:24
LH:0
end_of_record
SF:lib/widgets/components/slider_component.dart
DA:9,0
DA:11,0
DA:12,0
DA:13,0
DA:19,0
DA:21,0
DA:22,0
DA:25,0
DA:26,0
DA:27,0
DA:28,0
DA:29,0
DA:33,0
DA:35,0
DA:37,0
DA:38,0
DA:39,0
DA:40,0
DA:42,0
DA:43,0
DA:47,0
DA:52,0
LF:22
LH:0
end_of_record
SF:lib/widgets/components/text_field_component.dart
DA:11,0
DA:13,0
DA:14,0
DA:15,0
DA:21,0
DA:23,0
DA:24,0
DA:26,0
DA:29,0
DA:30,0
DA:31,0
DA:32,0
DA:35,0
DA:37,0
DA:38,0
DA:42,0
DA:43,0
DA:47,0
DA:62,0
DA:71,0
DA:72,0
DA:80,0
DA:82,0
DA:83,0
DA:84,0
DA:88,0
DA:89,0
DA:91,0
DA:95,0
DA:96,0
DA:98,0
DA:99,0
DA:101,0
DA:102,0
DA:104,0
DA:108,0
DA:110,0
DA:111,0
DA:112,0
DA:113,0
DA:114,0
DA:118,0
DA:119,0
DA:121,0
DA:122,0
DA:124,0
DA:125,0
DA:127,0
DA:128,0
DA:133,0
DA:135,0
DA:136,0
DA:137,0
DA:140,0
DA:142,0
DA:143,0
DA:145,0
DA:147,0
DA:148,0
DA:149,0
DA:151,0
DA:152,0
DA:153,0
DA:154,0
DA:155,0
DA:156,0
DA:157,0
DA:158,0
DA:160,0
DA:161,0
DA:165,0
DA:166,0
DA:167,0
DA:168,0
DA:171,0
DA:173,0
DA:174,0
DA:178,0
DA:179,0
DA:181,0
DA:184,0
DA:188,0
DA:191,0
DA:196,0
DA:198,0
DA:199,0
DA:200,0
DA:202,0
DA:203,0
DA:210,0
DA:212,0
DA:214,0
DA:225,0
LF:93
LH:0
end_of_record
SF:lib/widgets/components/button_component.dart
DA:8,0
DA:9,0
DA:10,0
DA:11,0
DA:13,0
DA:14,0
DA:15,0
DA:17,0
DA:18,0
DA:19,0
DA:22,0
DA:24,0
DA:25,0
DA:26,0
DA:27,0
DA:28,0
DA:30,0
LF:17
LH:0
end_of_record
SF:lib/widgets/components/icon_component.dart
DA:7,0
DA:8,0
DA:9,0
DA:10,0
DA:11,0
DA:15,0
DA:16,0
DA:18,0
DA:20,0
DA:21,0
DA:22,0
DA:25,0
DA:26,0
DA:27,0
DA:28,0
LF:15
LH:0
end_of_record
SF:lib/widgets/components/text_component.dart
DA:8,0
DA:10,1
DA:11,1
DA:14,1
DA:15,0
DA:16,0
DA:19,1
DA:20,0
DA:21,0
DA:22,0
DA:26,1
DA:28,1
DA:30,2
DA:31,2
DA:32,1
DA:33,2
DA:35,1
DA:38,0
DA:40,0
DA:41,0
DA:42,0
DA:43,0
DA:47,0
DA:48,0
DA:50,0
DA:51,0
LF:26
LH:11
end_of_record
SF:lib/widgets/components/common.dart
DA:6,1
DA:7,1
DA:8,0
DA:9,1
DA:10,1
DA:14,1
DA:15,1
DA:18,0
DA:19,0
DA:20,0
DA:22,0
DA:23,0
DA:25,0
DA:30,1
DA:31,1
DA:34,1
DA:36,1
DA:38,1
DA:40,1
DA:47,1
DA:49,1
DA:51,1
DA:53,1
DA:60,1
DA:62,1
DA:64,1
DA:66,1
DA:75,0
DA:76,0
DA:77,0
DA:78,0
DA:79,0
DA:83,0
DA:84,0
DA:85,0
DA:86,0
DA:91,0
DA:96,0
LF:38
LH:20
end_of_record
SF:lib/widgets/graph_subscriber.dart
DA:10,0
DA:17,0
DA:18,0
DA:25,0
DA:27,0
DA:28,0
DA:29,0
DA:31,0
DA:34,0
DA:36,0
DA:38,0
DA:41,0
DA:43,0
DA:44,0
DA:46,0
DA:47,0
DA:50,0
DA:52,0
DA:55,0
DA:57,0
DA:59,0
DA:60,0
LF:22
LH:0
end_of_record
