SF:lib/engine/graph_engine.dart
DA:10,1
DA:19,3
DA:20,2
DA:21,1
DA:36,1
DA:37,2
DA:38,3
DA:40,3
DA:45,1
DA:46,4
DA:47,4
DA:48,3
DA:49,1
DA:51,3
DA:52,1
DA:53,1
DA:60,1
DA:61,4
DA:62,4
DA:63,4
DA:64,4
DA:65,1
DA:69,0
DA:70,0
DA:71,0
DA:75,1
DA:77,2
DA:79,0
DA:84,1
DA:85,1
DA:89,0
DA:90,0
DA:93,1
DA:94,2
DA:95,1
DA:97,0
DA:102,1
DA:104,3
DA:105,2
DA:106,2
DA:108,3
DA:113,1
DA:117,1
DA:118,2
DA:122,1
DA:126,1
DA:127,1
DA:128,1
DA:129,1
DA:130,1
DA:131,4
DA:132,1
DA:134,1
DA:138,3
DA:139,1
DA:146,1
DA:147,1
DA:148,1
DA:150,1
DA:151,1
DA:152,1
DA:153,1
DA:154,1
DA:155,4
DA:156,1
DA:158,1
DA:160,4
DA:161,1
DA:165,1
LF:69
LH:62
end_of_record
SF:lib/utils/parsing_utils.dart
DA:7,0
DA:8,0
DA:9,0
DA:11,0
DA:13,0
DA:15,0
DA:17,0
DA:19,0
DA:21,0
DA:23,0
DA:25,0
DA:27,0
DA:35,0
DA:36,0
DA:37,0
DA:39,0
DA:41,0
DA:43,0
DA:45,0
DA:53,1
DA:54,1
DA:55,1
DA:57,1
DA:59,1
DA:61,1
DA:63,1
DA:65,1
DA:73,1
DA:74,1
DA:79,1
DA:80,1
DA:82,1
DA:84,1
DA:86,1
DA:88,1
DA:90,1
DA:92,1
DA:94,1
DA:96,1
DA:98,1
DA:99,1
DA:101,1
DA:103,1
DA:105,1
DA:110,1
DA:112,1
DA:115,2
DA:116,5
DA:120,2
DA:121,1
DA:125,2
DA:126,2
DA:135,1
DA:137,1
DA:140,1
DA:143,2
DA:144,2
DA:145,2
DA:147,3
DA:149,1
DA:164,2
DA:165,0
DA:166,0
DA:170,0
DA:173,0
DA:174,0
DA:176,0
DA:178,0
DA:179,0
DA:180,0
DA:181,0
DA:185,0
DA:194,1
DA:201,1
DA:205,1
DA:210,3
DA:213,1
DA:214,2
DA:215,1
DA:217,1
DA:227,1
DA:230,1
DA:231,2
DA:232,1
DA:234,1
DA:244,1
DA:246,1
DA:247,1
DA:248,1
DA:249,1
DA:250,1
DA:252,1
DA:253,1
DA:259,1
DA:261,2
DA:262,3
DA:264,0
DA:267,0
DA:276,1
DA:277,1
DA:278,1
DA:280,1
DA:282,1
DA:284,1
DA:285,1
DA:287,1
DA:288,1
DA:290,1
DA:291,1
DA:299,1
DA:300,1
DA:301,1
DA:303,1
DA:305,1
DA:307,1
DA:309,1
DA:317,1
DA:318,1
DA:321,1
DA:322,2
DA:325,1
DA:327,1
DA:328,1
DA:330,1
DA:331,1
DA:333,1
DA:334,1
DA:336,1
DA:337,1
DA:339,1
DA:341,1
DA:345,1
DA:346,1
DA:347,1
DA:349,1
DA:350,1
DA:352,1
DA:353,1
DA:357,1
DA:359,1
DA:361,1
DA:363,1
DA:367,1
DA:368,1
DA:370,1
DA:371,1
DA:373,1
DA:375,1
DA:377,1
DA:381,1
DA:383,1
LF:151
LH:119
end_of_record
SF:lib/models/config_models.dart
DA:21,2
DA:36,2
DA:37,2
DA:38,4
DA:39,2
DA:40,2
DA:41,2
DA:42,2
DA:43,0
DA:44,2
DA:45,0
DA:46,0
DA:47,0
DA:48,0
DA:49,0
DA:53,2
DA:54,2
DA:55,2
DA:56,2
DA:57,2
DA:58,2
DA:59,4
DA:60,2
DA:61,2
DA:62,0
DA:63,0
DA:64,0
DA:65,0
DA:68,0
DA:71,2
DA:72,6
DA:73,2
DA:74,2
DA:75,4
DA:76,2
DA:77,0
DA:78,0
DA:79,0
DA:80,0
DA:85,2
DA:86,2
DA:87,2
DA:88,2
DA:89,8
DA:90,2
DA:92,1
DA:93,0
DA:94,0
DA:98,4
DA:99,2
DA:100,2
DA:101,2
DA:102,2
DA:105,8
DA:106,2
DA:107,4
DA:108,4
DA:109,4
DA:110,2
DA:111,2
DA:113,4
DA:114,4
DA:115,2
DA:116,2
DA:118,4
DA:119,2
DA:120,0
DA:136,2
DA:146,2
DA:147,2
DA:148,2
DA:149,2
DA:150,2
DA:152,4
DA:153,4
DA:154,2
DA:156,2
DA:157,0
DA:167,0
DA:172,0
DA:173,0
DA:174,0
DA:175,0
DA:176,0
DA:188,1
DA:194,1
DA:196,1
DA:197,1
DA:198,1
DA:199,1
DA:200,1
DA:201,3
DA:202,1
DA:203,1
DA:204,2
DA:205,1
DA:206,1
DA:207,1
DA:208,1
DA:210,0
DA:211,0
DA:212,0
DA:213,0
DA:216,1
DA:220,0
DA:226,1
DA:227,1
DA:228,1
DA:229,0
DA:230,1
DA:231,3
DA:232,1
DA:233,1
DA:234,0
DA:235,0
DA:236,1
DA:237,2
DA:243,3
DA:245,1
DA:246,1
DA:247,3
DA:249,1
DA:250,3
DA:252,4
DA:274,1
DA:292,1
DA:294,1
DA:295,2
DA:297,2
DA:298,3
DA:299,2
DA:300,2
DA:301,2
DA:302,1
DA:304,1
DA:306,5
DA:308,1
DA:309,0
DA:311,1
DA:313,0
DA:316,1
DA:317,1
DA:318,1
DA:319,1
DA:320,1
DA:321,1
DA:322,1
DA:323,1
DA:324,1
DA:325,1
DA:326,2
DA:327,2
DA:328,1
DA:329,0
DA:330,3
DA:331,2
DA:332,1
DA:333,1
DA:334,1
DA:345,1
DA:352,1
DA:353,1
DA:355,1
DA:358,0
DA:359,0
DA:360,0
DA:361,0
DA:362,0
DA:363,0
DA:373,1
DA:375,1
DA:376,1
DA:377,1
DA:380,2
DA:382,2
DA:384,8
DA:385,1
DA:387,0
DA:388,0
DA:391,0
DA:392,0
DA:393,0
DA:394,0
DA:395,0
DA:405,2
DA:407,2
DA:408,2
DA:410,0
DA:411,0
DA:413,2
DA:414,2
DA:415,2
DA:416,2
DA:417,2
DA:418,2
DA:419,4
DA:420,2
DA:421,2
DA:423,0
DA:424,0
DA:429,2
DA:430,6
DA:431,2
DA:432,2
DA:433,2
DA:434,4
DA:435,2
DA:437,0
DA:438,0
DA:444,2
DA:445,4
DA:446,4
DA:449,2
DA:465,2
DA:477,2
DA:480,10
DA:482,2
DA:484,0
DA:485,0
DA:490,2
DA:491,0
DA:492,2
DA:493,1
DA:494,2
DA:497,4
DA:500,4
DA:501,2
DA:502,2
DA:503,1
DA:505,0
DA:509,2
DA:513,2
DA:514,2
DA:515,2
DA:518,4
DA:519,0
DA:521,4
DA:522,0
DA:524,4
DA:525,0
DA:526,0
DA:530,2
DA:531,1
DA:544,1
DA:553,1
DA:554,1
DA:555,1
DA:556,1
DA:557,1
DA:558,1
DA:559,1
DA:560,1
DA:569,0
DA:571,0
DA:572,0
DA:573,0
DA:574,0
DA:575,0
DA:578,0
DA:579,0
DA:581,0
DA:582,0
DA:584,0
DA:585,0
DA:586,0
DA:587,0
DA:588,0
DA:590,0
DA:598,1
DA:600,1
DA:601,1
DA:602,0
DA:603,0
DA:604,0
DA:607,1
DA:608,2
DA:610,0
DA:611,0
DA:612,0
DA:614,0
DA:616,0
DA:619,0
DA:621,0
DA:631,3
DA:637,3
DA:638,3
DA:639,6
DA:640,3
DA:641,1
DA:642,3
DA:643,9
DA:646,3
DA:647,0
DA:648,0
DA:651,6
DA:652,3
DA:653,1
DA:654,3
DA:655,9
DA:669,0
DA:677,0
DA:678,0
DA:679,0
DA:680,0
DA:681,0
DA:682,0
DA:684,0
DA:685,0
DA:686,0
DA:698,0
DA:706,0
DA:707,0
DA:708,0
DA:716,0
DA:717,0
DA:718,0
DA:719,0
DA:720,0
DA:722,0
DA:723,0
DA:735,3
DA:742,3
DA:743,3
DA:744,0
DA:747,3
DA:748,3
DA:749,3
DA:750,3
DA:751,3
DA:752,3
DA:766,5
DA:775,3
DA:777,9
DA:778,0
DA:779,0
DA:790,3
DA:791,3
DA:792,5
DA:793,6
DA:794,5
DA:795,3
DA:796,0
DA:798,4
DA:799,3
DA:800,3
DA:801,3
DA:811,1
DA:813,0
DA:814,0
DA:815,0
DA:816,0
DA:818,0
DA:819,0
DA:820,0
DA:821,0
DA:874,2
DA:920,0
DA:922,0
DA:923,0
DA:924,0
DA:933,0
DA:935,0
DA:936,0
DA:937,0
DA:938,0
DA:939,0
DA:940,0
DA:941,0
DA:942,0
DA:943,0
DA:944,0
DA:945,0
DA:946,0
DA:947,0
DA:948,0
DA:949,0
DA:950,0
DA:951,0
DA:952,0
DA:953,0
DA:954,0
DA:955,0
DA:956,0
DA:957,0
DA:958,0
DA:959,0
DA:960,0
DA:961,0
DA:962,0
DA:964,0
DA:965,0
DA:967,0
DA:968,0
DA:969,0
DA:970,0
DA:972,0
DA:973,0
DA:975,0
DA:976,0
DA:978,0
DA:979,0
DA:981,0
DA:982,0
DA:984,0
DA:985,0
DA:988,0
DA:989,0
DA:991,0
DA:993,0
DA:994,0
DA:995,0
DA:997,0
DA:999,0
DA:1000,0
DA:1001,0
DA:1002,0
DA:1003,0
DA:1004,0
DA:1008,1
DA:1027,1
DA:1028,1
DA:1029,1
DA:1030,1
DA:1031,1
DA:1032,1
DA:1033,1
DA:1034,1
DA:1035,1
DA:1036,1
DA:1037,1
DA:1038,1
DA:1039,1
DA:1040,1
DA:1041,1
DA:1042,1
DA:1043,1
DA:1044,1
DA:1045,1
DA:1046,1
DA:1047,1
DA:1048,1
DA:1049,1
DA:1050,1
DA:1051,1
DA:1052,1
DA:1053,1
DA:1054,1
DA:1055,1
DA:1056,1
DA:1057,1
DA:1058,1
DA:1059,1
DA:1060,1
DA:1061,1
DA:1062,1
DA:1063,1
DA:1064,1
DA:1065,1
DA:1066,1
DA:1067,1
DA:1068,1
DA:1069,0
DA:1070,1
DA:1086,1
DA:1097,0
DA:1099,0
DA:1100,0
DA:1101,0
DA:1102,0
DA:1103,0
DA:1104,0
DA:1105,0
DA:1107,0
DA:1108,0
DA:1110,0
DA:1111,0
DA:1122,0
DA:1129,0
DA:1130,0
DA:1131,0
DA:1132,0
DA:1133,0
DA:1134,0
DA:1162,0
DA:1184,0
DA:1185,0
DA:1187,0
DA:1189,0
DA:1190,0
DA:1191,0
DA:1192,0
DA:1193,0
DA:1194,0
DA:1195,0
DA:1196,0
DA:1197,0
DA:1198,0
DA:1199,0
DA:1200,0
DA:1201,0
DA:1202,0
DA:1203,0
DA:1205,0
DA:1206,0
DA:1209,0
DA:1210,0
DA:1212,0
DA:1214,0
DA:1215,0
DA:1220,0
DA:1228,0
DA:1230,0
DA:1231,0
DA:1232,0
DA:1233,0
DA:1234,0
DA:1237,0
DA:1250,0
DA:1260,0
DA:1261,0
DA:1262,0
DA:1264,0
DA:1265,0
DA:1266,0
DA:1267,0
DA:1268,0
DA:1269,0
DA:1270,0
DA:1271,0
DA:1272,0
DA:1275,0
DA:1278,0
DA:1279,0
DA:1280,0
DA:1282,0
DA:1283,0
DA:1284,0
DA:1285,0
DA:1288,0
DA:1301,0
DA:1310,0
DA:1311,0
DA:1312,0
DA:1313,0
DA:1314,0
DA:1315,0
DA:1316,0
DA:1317,0
DA:1336,0
DA:1350,0
DA:1351,0
DA:1352,0
DA:1355,0
DA:1356,0
DA:1357,0
DA:1358,0
DA:1359,0
DA:1360,0
DA:1361,0
DA:1362,0
DA:1363,0
DA:1364,0
DA:1366,0
DA:1367,0
DA:1370,0
DA:1371,0
DA:1381,2
DA:1383,2
DA:1384,2
DA:1385,4
DA:1386,2
DA:1387,0
DA:1388,2
DA:1389,0
DA:1391,4
DA:1392,2
DA:1393,0
DA:1394,2
DA:1395,0
DA:1397,0
DA:1399,0
DA:1400,0
DA:1402,0
DA:1403,0
DA:1419,0
DA:1427,0
DA:1428,0
DA:1429,0
DA:1430,0
DA:1431,0
DA:1432,0
DA:1433,0
DA:1445,3
DA:1452,3
DA:1453,3
DA:1455,3
DA:1456,0
DA:1457,0
DA:1458,0
DA:1461,3
DA:1462,0
DA:1463,0
DA:1464,0
DA:1467,3
DA:1468,0
DA:1469,0
DA:1470,0
DA:1472,6
DA:1473,0
DA:1474,0
DA:1475,0
DA:1477,3
DA:1486,0
DA:1488,0
DA:1489,0
DA:1490,0
DA:1491,0
DA:1502,2
DA:1508,2
DA:1509,2
DA:1510,4
DA:1511,0
DA:1512,2
DA:1513,2
DA:1514,0
DA:1515,0
DA:1516,0
DA:1518,0
DA:1521,0
DA:1523,4
DA:1524,0
DA:1525,2
DA:1526,2
DA:1527,0
DA:1529,6
DA:1539,0
DA:1545,0
DA:1546,0
DA:1547,0
DA:1548,0
DA:1549,0
DA:1562,2
DA:1571,2
DA:1572,2
DA:1574,4
DA:1575,4
DA:1576,6
DA:1577,2
DA:1578,2
DA:1579,2
DA:1591,2
DA:1598,2
DA:1599,2
DA:1601,2
DA:1602,0
DA:1603,2
DA:1605,2
DA:1606,4
DA:1607,2
DA:1608,0
DA:1610,4
DA:1611,6
DA:1621,2
DA:1627,2
DA:1628,2
DA:1629,2
DA:1630,2
DA:1631,2
DA:1641,2
DA:1643,2
DA:1644,2
DA:1645,4
DA:1646,0
DA:1647,2
DA:1648,2
DA:1649,0
DA:1651,4
DA:1652,0
DA:1653,2
DA:1654,2
DA:1655,0
DA:1656,0
DA:1668,0
DA:1675,0
DA:1676,0
DA:1677,0
DA:1678,0
DA:1679,0
DA:1680,0
DA:1690,0
DA:1696,0
DA:1697,0
DA:1698,0
DA:1699,0
DA:1700,0
DA:1710,2
DA:1712,2
DA:1713,2
DA:1714,4
DA:1715,0
DA:1716,2
DA:1717,2
DA:1718,0
DA:1720,4
DA:1721,0
DA:1722,2
DA:1723,2
DA:1724,0
DA:1734,0
DA:1736,0
DA:1737,0
DA:1738,0
DA:1740,0
DA:1750,0
DA:1756,0
DA:1757,0
DA:1758,0
DA:1759,0
DA:1761,0
DA:1762,0
DA:1774,2
DA:1780,2
DA:1781,2
DA:1782,6
DA:1783,2
DA:1784,4
DA:1786,6
DA:1797,2
DA:1804,2
DA:1805,2
DA:1806,2
DA:1807,2
DA:1808,2
DA:1809,2
DA:1820,2
DA:1827,2
DA:1828,2
DA:1829,2
DA:1830,2
DA:1831,2
DA:1832,2
DA:1840,2
DA:1842,2
DA:1843,2
DA:1844,6
DA:1863,0
DA:1879,0
DA:1880,0
DA:1881,0
DA:1882,0
DA:1883,0
DA:1884,0
DA:1885,0
DA:1886,0
DA:1887,0
DA:1888,0
DA:1889,0
DA:1893,0
DA:1894,0
DA:1895,0
DA:1899,0
DA:1900,0
DA:1901,0
DA:1902,0
DA:1903,0
DA:1904,0
DA:1905,0
DA:1906,0
DA:1907,0
DA:1908,0
DA:1909,0
DA:1910,0
DA:1911,0
DA:1915,0
DA:1916,0
LF:775
LH:372
end_of_record
SF:lib/analytics/models/tracking_event.dart
DA:76,5
DA:90,2
DA:91,1
DA:94,1
DA:95,1
DA:96,1
DA:97,1
DA:98,6
DA:99,0
DA:101,2
DA:102,1
DA:103,1
DA:104,1
DA:105,1
DA:106,2
DA:107,0
DA:108,1
DA:109,2
DA:110,0
DA:111,1
DA:112,1
DA:113,1
DA:114,0
DA:116,1
DA:117,1
DA:122,0
DA:123,0
DA:124,0
DA:125,0
DA:126,0
DA:127,0
DA:128,0
DA:129,0
DA:130,0
DA:131,0
DA:132,0
DA:133,0
DA:134,0
DA:135,0
DA:136,0
DA:141,0
DA:142,0
DA:143,0
DA:144,0
DA:145,0
DA:146,0
DA:147,0
DA:148,0
DA:150,0
DA:151,0
DA:152,0
DA:154,0
DA:155,0
DA:156,0
DA:157,0
DA:158,0
DA:159,0
DA:165,0
DA:166,0
DA:167,0
DA:168,0
DA:169,0
DA:170,0
DA:171,0
DA:172,0
DA:173,0
DA:174,0
DA:175,0
DA:176,0
DA:178,0
DA:183,0
DA:184,0
DA:185,0
DA:186,0
DA:190,0
DA:191,0
DA:192,0
DA:193,0
DA:194,0
DA:195,0
DA:196,0
DA:200,0
DA:202,0
DA:205,0
DA:208,0
DA:211,0
DA:212,0
LF:87
LH:21
end_of_record
SF:lib/analytics/services/analytics_service.dart
DA:14,12
DA:15,8
DA:16,4
DA:32,0
DA:33,0
DA:37,0
DA:38,0
DA:56,0
DA:57,0
DA:58,0
DA:59,0
DA:60,0
DA:64,1
DA:72,1
DA:73,1
DA:74,1
DA:75,0
DA:76,0
DA:77,1
DA:81,4
DA:84,8
DA:85,8
DA:87,4
DA:89,0
DA:91,16
DA:92,16
DA:95,0
DA:97,4
DA:98,8
DA:99,4
DA:101,16
DA:102,8
DA:103,4
DA:104,4
DA:105,4
DA:106,8
DA:107,4
DA:108,0
DA:109,16
DA:116,0
DA:117,0
DA:118,0
DA:119,0
DA:120,0
DA:125,0
DA:126,0
DA:127,0
DA:129,0
DA:130,0
DA:132,0
DA:134,0
DA:138,0
DA:146,0
DA:147,0
DA:149,0
DA:150,0
DA:154,0
DA:155,0
DA:158,0
DA:162,2
DA:166,2
DA:167,2
DA:169,2
DA:170,2
DA:172,2
DA:174,2
DA:178,0
DA:184,0
DA:185,0
DA:187,0
DA:188,0
DA:192,0
DA:193,0
DA:195,0
DA:199,1
DA:200,2
DA:201,0
DA:204,1
DA:205,4
DA:210,0
DA:212,0
DA:213,0
DA:214,0
DA:215,0
DA:216,0
DA:217,0
DA:219,0
DA:220,0
DA:223,0
DA:224,0
DA:225,0
DA:228,0
DA:232,0
DA:233,0
DA:234,0
DA:237,0
DA:238,0
DA:242,0
DA:243,0
DA:244,0
DA:245,0
DA:246,0
DA:247,0
DA:248,0
DA:249,0
DA:252,0
DA:253,0
DA:254,0
DA:258,0
DA:262,0
DA:266,0
DA:267,0
DA:268,0
DA:269,0
DA:274,0
DA:275,0
DA:276,0
DA:279,0
DA:280,0
DA:283,0
DA:284,0
DA:285,0
DA:286,0
DA:287,0
DA:288,0
DA:289,0
DA:290,0
DA:294,0
DA:296,0
DA:297,0
DA:298,0
DA:301,0
DA:302,0
DA:304,0
DA:306,0
DA:307,0
DA:309,0
DA:310,0
DA:312,0
DA:315,0
DA:321,4
DA:322,8
DA:325,11
DA:326,3
DA:327,3
DA:328,9
DA:330,3
DA:332,6
DA:333,9
DA:334,2
DA:335,3
DA:340,4
DA:341,3
DA:342,12
DA:343,3
DA:344,6
DA:345,1
DA:346,3
DA:347,3
DA:348,9
DA:352,6
DA:353,9
DA:354,2
DA:355,3
DA:360,9
DA:361,1
DA:362,2
DA:363,2
DA:364,2
DA:368,9
DA:369,1
DA:370,2
DA:371,3
DA:372,2
DA:374,2
DA:375,1
DA:376,1
DA:377,2
DA:378,0
DA:379,0
DA:386,3
DA:387,9
DA:388,3
DA:392,0
DA:394,0
DA:396,0
DA:397,0
DA:398,0
DA:399,0
DA:402,0
DA:403,0
DA:404,0
DA:405,0
DA:407,0
DA:408,0
DA:411,0
DA:412,0
DA:415,0
DA:416,0
DA:417,0
DA:420,0
DA:421,0
DA:422,0
DA:423,0
DA:424,0
DA:426,0
DA:427,0
DA:428,0
DA:429,0
DA:430,0
DA:431,0
DA:434,0
DA:435,0
DA:437,0
DA:441,2
DA:443,2
DA:444,0
DA:450,0
DA:451,0
DA:452,0
DA:453,0
DA:454,0
DA:455,0
DA:456,0
DA:457,0
DA:458,0
DA:459,0
DA:460,0
DA:461,0
DA:462,0
DA:463,0
DA:464,0
DA:465,0
DA:470,4
DA:472,2
DA:478,2
DA:481,2
DA:483,2
DA:484,0
DA:487,0
DA:488,0
DA:491,0
DA:492,0
DA:493,0
DA:494,0
DA:495,0
DA:496,0
DA:497,0
DA:498,0
DA:499,0
DA:500,0
DA:515,2
DA:516,4
DA:517,4
DA:518,2
DA:521,0
DA:523,0
DA:525,0
DA:526,0
DA:527,0
DA:528,0
DA:530,0
DA:531,0
DA:532,0
DA:533,0
DA:534,0
DA:536,0
DA:537,0
DA:538,0
DA:539,0
DA:540,0
DA:541,0
DA:543,0
DA:544,0
DA:552,0
DA:553,0
DA:554,0
LF:277
LH:88
end_of_record
SF:lib/providers/contract_provider.dart
DA:20,2
DA:22,0
DA:23,0
DA:27,3
DA:28,0
DA:29,3
DA:30,4
DA:31,5
DA:32,2
DA:33,2
DA:38,2
DA:39,2
DA:40,2
DA:41,8
DA:42,2
DA:43,4
DA:44,2
DA:45,2
DA:47,6
DA:53,1
DA:54,1
DA:55,1
DA:58,1
DA:59,1
DA:60,1
DA:62,2
DA:63,1
DA:64,1
DA:65,1
DA:67,0
DA:68,0
DA:69,0
DA:71,1
DA:72,1
DA:77,1
DA:79,1
DA:80,1
DA:81,2
DA:82,1
DA:83,2
DA:84,1
DA:88,1
DA:89,5
DA:93,1
DA:94,1
DA:95,1
DA:96,1
DA:97,1
DA:99,2
DA:100,1
DA:101,1
DA:103,3
DA:104,2
DA:106,0
DA:107,0
DA:109,0
DA:110,0
DA:111,0
DA:113,0
DA:114,0
DA:117,0
DA:118,0
DA:122,1
DA:123,1
DA:124,1
DA:125,3
DA:129,0
DA:130,0
DA:131,0
DA:133,1
DA:134,1
DA:140,1
DA:142,1
DA:143,1
DA:146,1
DA:147,2
DA:148,3
DA:150,0
DA:154,0
LF:79
LH:59
end_of_record
SF:lib/state/state_manager.dart
DA:9,0
DA:10,0
DA:11,0
DA:12,0
DA:30,0
DA:31,0
DA:32,0
DA:33,0
DA:34,0
DA:37,0
DA:38,0
DA:41,0
DA:42,0
DA:43,0
DA:45,0
DA:46,0
DA:47,0
DA:48,0
DA:54,0
DA:55,0
DA:56,0
DA:58,0
DA:60,0
DA:61,0
DA:62,0
DA:64,0
DA:65,0
DA:66,0
DA:67,0
DA:68,0
DA:75,0
DA:76,0
DA:77,0
DA:80,0
DA:81,0
DA:82,0
DA:83,0
DA:84,0
DA:85,0
DA:86,0
DA:87,0
DA:91,0
DA:94,0
DA:95,0
DA:96,0
DA:97,0
DA:98,0
DA:99,0
DA:100,0
DA:101,0
DA:102,0
DA:103,0
DA:107,0
DA:111,0
DA:114,0
DA:116,0
DA:117,0
DA:118,0
DA:119,0
DA:120,0
DA:129,0
DA:135,0
DA:136,0
DA:138,0
DA:139,0
DA:140,0
DA:150,0
DA:151,0
DA:152,0
DA:154,0
DA:156,0
DA:157,0
DA:158,0
DA:159,0
DA:160,0
DA:161,0
DA:162,0
DA:163,0
DA:170,0
DA:171,0
DA:175,0
DA:177,0
DA:178,0
DA:179,0
DA:181,0
DA:182,0
DA:184,0
DA:185,0
DA:186,0
DA:190,0
DA:191,0
DA:195,0
DA:196,0
DA:200,0
DA:201,0
DA:203,0
DA:205,0
DA:206,0
DA:207,0
DA:209,0
DA:210,0
DA:212,0
DA:213,0
DA:214,0
DA:218,0
DA:219,0
DA:223,0
DA:224,0
DA:226,0
DA:229,0
DA:230,0
DA:231,0
DA:235,0
DA:236,0
DA:241,0
DA:242,0
DA:244,0
DA:246,0
DA:247,0
DA:248,0
DA:249,0
DA:253,0
DA:254,0
DA:259,0
DA:260,0
DA:267,0
DA:268,0
DA:270,0
DA:272,0
DA:273,0
DA:275,0
DA:280,0
DA:281,0
DA:283,0
DA:284,0
DA:285,0
DA:295,0
DA:296,0
DA:300,0
DA:301,0
DA:302,0
DA:303,0
DA:307,0
DA:308,0
DA:312,0
DA:313,0
DA:314,0
DA:315,0
DA:319,0
DA:320,0
DA:321,0
DA:322,0
DA:323,0
DA:324,0
DA:325,0
DA:326,0
DA:330,0
DA:331,0
DA:332,0
DA:333,0
DA:334,0
DA:338,0
DA:339,0
DA:343,0
DA:344,0
DA:348,0
DA:349,0
DA:350,0
DA:351,0
DA:353,0
DA:354,0
DA:355,0
DA:359,0
DA:360,0
DA:361,0
DA:362,0
DA:364,0
DA:365,0
DA:366,0
LF:179
LH:0
end_of_record
SF:lib/models/contract_result.dart
DA:10,0
DA:11,0
DA:20,2
DA:27,0
DA:28,0
DA:33,0
DA:35,0
DA:36,0
DA:37,0
DA:40,0
DA:41,0
DA:42,0
DA:43,0
DA:44,0
DA:45,0
DA:47,0
DA:50,0
DA:51,0
DA:52,0
DA:53,0
DA:54,0
DA:55,0
DA:59,0
DA:60,0
DA:61,0
DA:62,0
DA:63,0
DA:64,0
DA:65,0
DA:68,0
DA:76,0
DA:82,0
DA:83,0
DA:84,0
DA:85,0
DA:86,0
DA:90,0
DA:91,0
DA:92,0
DA:93,0
DA:94,0
DA:95,0
DA:99,0
DA:100,0
DA:102,0
DA:103,0
DA:104,0
DA:105,0
DA:106,0
LF:49
LH:1
end_of_record
SF:lib/navigation/navigation_bridge.dart
DA:6,0
DA:11,0
DA:12,0
DA:15,0
DA:16,0
DA:19,0
DA:23,0
DA:25,0
DA:29,0
LF:9
LH:0
end_of_record
SF:lib/persistence/state_persistence.dart
DA:18,0
DA:21,0
DA:24,0
DA:26,0
DA:30,0
DA:33,0
DA:34,0
DA:37,0
DA:43,0
DA:46,0
DA:47,0
DA:48,0
DA:49,0
DA:50,0
DA:51,0
DA:52,0
DA:53,0
DA:54,0
DA:56,0
DA:60,0
DA:65,0
DA:68,0
DA:69,0
DA:72,0
DA:77,0
DA:80,0
DA:81,0
DA:82,0
DA:83,0
DA:85,0
DA:86,0
DA:91,0
DA:93,0
DA:97,0
DA:100,0
DA:102,0
DA:104,0
DA:105,0
DA:106,0
DA:111,0
DA:120,0
DA:123,0
DA:126,0
DA:129,0
DA:131,0
DA:132,0
DA:134,0
DA:140,0
DA:146,0
DA:149,0
DA:150,0
DA:151,0
DA:152,0
DA:154,0
DA:158,0
DA:163,0
DA:166,0
DA:169,0
DA:174,0
DA:177,0
DA:178,0
DA:179,0
DA:180,0
DA:182,0
DA:184,0
DA:191,0
DA:193,0
DA:197,0
DA:201,0
DA:203,0
DA:204,0
DA:205,0
DA:210,0
LF:73
LH:0
end_of_record
SF:lib/services/contract_service.dart
DA:22,3
DA:26,1
DA:34,2
DA:37,2
DA:38,4
DA:39,2
DA:40,4
DA:41,4
DA:43,4
DA:44,2
DA:45,4
DA:47,2
DA:49,2
DA:50,2
DA:56,1
DA:58,1
DA:59,0
DA:60,1
DA:61,2
DA:62,0
DA:63,0
DA:66,0
DA:71,1
DA:72,2
DA:73,1
DA:74,2
DA:75,2
DA:77,2
DA:78,1
DA:79,2
DA:81,1
DA:83,1
DA:84,1
DA:90,1
DA:92,0
DA:93,0
DA:94,0
DA:95,0
DA:96,0
DA:97,0
DA:99,0
DA:103,1
DA:104,1
DA:107,2
DA:110,4
DA:111,2
DA:112,4
DA:116,2
DA:117,4
DA:118,2
DA:119,4
DA:120,2
DA:125,2
DA:126,2
DA:127,2
DA:128,2
DA:129,2
DA:130,2
DA:131,2
DA:137,1
DA:145,2
DA:147,2
DA:149,2
DA:150,2
DA:151,4
DA:157,2
DA:159,2
DA:161,4
DA:162,2
DA:165,4
DA:166,0
DA:169,4
DA:170,0
DA:172,2
DA:173,10
DA:176,2
DA:177,2
DA:178,2
DA:179,2
DA:180,0
DA:182,0
DA:183,0
DA:184,0
DA:187,0
DA:188,0
DA:189,0
DA:192,4
DA:193,0
DA:194,0
DA:197,0
DA:207,2
DA:211,4
DA:212,4
DA:214,2
DA:215,4
DA:216,4
DA:218,4
DA:219,2
DA:220,4
DA:222,2
DA:224,2
DA:225,2
DA:233,4
DA:234,2
DA:235,2
DA:237,2
DA:238,1
DA:239,1
DA:242,0
DA:243,0
DA:244,2
DA:245,0
DA:247,2
DA:248,2
DA:250,2
DA:251,0
DA:254,4
DA:261,2
DA:264,6
DA:268,2
DA:269,10
DA:276,2
DA:277,2
DA:278,4
LF:124
LH:97
end_of_record
SF:lib/services/auth_service.dart
DA:14,0
DA:16,0
DA:17,0
DA:20,0
DA:21,0
DA:24,0
DA:30,0
DA:31,0
DA:36,0
DA:37,0
DA:38,0
DA:41,0
DA:42,0
DA:44,0
DA:45,0
DA:46,0
DA:53,0
DA:59,0
DA:60,0
DA:61,0
DA:66,0
DA:67,0
DA:68,0
DA:71,0
DA:72,0
DA:76,0
DA:79,0
DA:83,0
DA:84,0
DA:86,0
DA:87,0
DA:88,0
DA:89,0
DA:93,0
DA:94,0
DA:97,0
DA:101,0
DA:102,0
DA:103,0
DA:105,0
DA:108,0
DA:117,0
DA:120,0
DA:121,0
DA:122,0
DA:123,0
DA:125,0
DA:127,0
DA:130,0
DA:131,0
DA:132,0
DA:136,0
LF:52
LH:0
end_of_record
SF:lib/services/api_service.dart
DA:11,0
DA:12,0
DA:13,0
DA:25,0
DA:26,0
DA:27,0
DA:28,0
DA:29,0
DA:32,0
DA:36,0
DA:37,0
DA:43,0
DA:46,0
DA:47,0
DA:48,0
DA:49,0
DA:50,0
DA:58,0
DA:59,0
DA:63,0
DA:64,0
DA:68,0
DA:75,0
DA:77,0
DA:80,0
DA:82,0
DA:83,0
DA:88,0
DA:89,0
DA:90,0
DA:92,0
DA:96,0
DA:100,0
DA:102,0
DA:103,0
DA:105,0
DA:111,0
DA:112,0
DA:115,0
DA:118,0
DA:119,0
DA:120,0
DA:121,0
DA:122,0
DA:127,0
DA:134,0
DA:141,0
DA:145,0
DA:152,0
DA:157,0
DA:161,0
DA:162,0
DA:165,0
DA:166,0
DA:170,0
DA:171,0
DA:174,0
DA:175,0
DA:179,0
DA:181,0
DA:182,0
DA:186,0
DA:187,0
DA:188,0
DA:190,0
DA:194,0
DA:201,0
DA:202,0
DA:203,0
DA:207,0
DA:211,0
DA:212,0
DA:213,0
DA:214,0
DA:216,0
DA:223,0
DA:224,0
DA:225,0
DA:226,0
DA:228,0
DA:230,0
DA:235,0
DA:237,0
DA:238,0
DA:241,0
DA:242,0
DA:243,0
DA:246,0
DA:254,0
DA:255,0
DA:257,0
DA:259,0
DA:261,0
DA:264,0
DA:265,0
DA:266,0
DA:268,0
DA:269,0
DA:271,0
DA:273,0
DA:274,0
DA:276,0
DA:279,0
DA:283,0
DA:284,0
DA:285,0
DA:287,0
DA:288,0
DA:291,0
DA:294,0
DA:295,0
DA:298,0
DA:301,0
DA:302,0
DA:305,0
DA:308,0
DA:309,0
DA:312,0
DA:317,0
DA:318,0
DA:319,0
DA:321,0
DA:322,0
DA:324,0
DA:328,0
DA:333,0
DA:334,0
DA:337,0
DA:338,0
DA:342,0
DA:346,0
DA:349,0
DA:352,0
DA:353,0
DA:354,0
DA:356,0
DA:360,0
DA:366,0
DA:367,0
DA:368,0
DA:369,0
DA:371,0
DA:372,0
DA:373,0
DA:375,0
DA:376,0
DA:380,0
DA:381,0
DA:382,0
DA:383,0
DA:386,0
DA:387,0
DA:388,0
DA:389,0
DA:396,0
DA:398,0
DA:399,0
DA:400,0
DA:403,0
DA:404,0
DA:405,0
DA:406,0
DA:407,0
DA:412,0
DA:414,0
DA:415,0
DA:416,0
DA:418,0
DA:419,0
DA:420,0
DA:422,0
DA:425,0
DA:426,0
DA:432,0
DA:441,0
DA:442,0
DA:443,0
DA:444,0
DA:446,0
DA:447,0
DA:448,0
DA:449,0
DA:450,0
DA:451,0
DA:452,0
DA:453,0
DA:454,0
DA:458,0
DA:459,0
DA:460,0
DA:461,0
DA:462,0
DA:463,0
DA:464,0
DA:469,0
DA:471,0
DA:472,0
DA:474,0
DA:476,0
DA:480,0
DA:481,0
DA:482,0
DA:485,0
DA:486,0
DA:487,0
DA:490,0
DA:491,0
DA:493,0
DA:494,0
DA:503,0
DA:504,0
DA:505,0
DA:507,0
DA:508,0
DA:509,0
DA:510,0
DA:516,0
DA:521,0
DA:523,0
DA:524,0
DA:528,0
DA:529,0
DA:531,0
DA:534,0
DA:535,0
DA:536,0
DA:538,0
DA:539,0
DA:540,0
DA:541,0
DA:542,0
DA:544,0
DA:546,0
DA:547,0
DA:548,0
DA:550,0
DA:552,0
DA:555,0
DA:556,0
DA:557,0
DA:560,0
DA:561,0
DA:562,0
DA:566,0
DA:567,0
DA:568,0
DA:569,0
DA:570,0
DA:573,0
DA:574,0
DA:575,0
DA:584,0
DA:585,0
DA:586,0
DA:590,0
DA:592,0
DA:594,0
DA:596,0
DA:598,0
DA:600,0
DA:603,0
DA:607,0
DA:611,0
DA:617,0
DA:618,0
DA:619,0
DA:621,0
DA:622,0
DA:623,0
DA:630,0
DA:636,0
DA:637,0
DA:638,0
DA:641,0
DA:642,0
DA:647,0
DA:653,0
DA:654,0
DA:656,0
DA:664,0
DA:665,0
DA:669,0
DA:670,0
DA:671,0
DA:682,0
DA:696,0
DA:702,0
DA:710,0
DA:712,0
DA:714,0
DA:724,0
DA:725,0
DA:726,0
DA:729,0
DA:730,0
DA:734,0
DA:735,0
DA:739,0
DA:740,0
DA:744,0
DA:745,0
DA:749,0
DA:756,0
DA:762,0
DA:763,0
DA:764,0
DA:765,0
DA:767,0
DA:773,0
DA:781,0
DA:789,0
DA:796,0
DA:803,0
DA:807,0
DA:810,0
DA:811,0
DA:814,0
DA:818,0
DA:820,0
DA:821,0
DA:822,0
DA:838,0
DA:845,0
DA:846,0
DA:847,0
DA:848,0
DA:849,0
DA:850,0
LF:328
LH:0
end_of_record
SF:lib/services/contract_loader.dart
DA:17,0
DA:38,0
DA:40,0
DA:41,0
DA:42,0
DA:43,0
DA:45,0
DA:46,0
DA:48,0
DA:49,0
DA:50,0
DA:51,0
DA:58,0
DA:63,0
DA:65,0
DA:68,0
DA:74,0
DA:76,0
DA:78,0
DA:79,0
DA:83,0
DA:85,0
DA:86,0
DA:90,0
DA:91,0
DA:92,0
DA:93,0
DA:96,0
DA:97,0
DA:98,0
DA:101,0
DA:108,0
DA:112,0
DA:113,0
DA:115,0
DA:117,0
DA:121,0
DA:125,0
DA:126,0
DA:128,0
DA:130,0
DA:131,0
DA:135,0
DA:136,0
DA:137,0
DA:140,0
DA:142,0
DA:145,0
DA:146,0
DA:149,0
DA:150,0
DA:151,0
DA:154,0
DA:159,0
DA:160,0
DA:161,0
DA:163,0
DA:165,0
DA:168,0
DA:169,0
DA:170,0
DA:171,0
DA:172,0
DA:175,0
DA:176,0
DA:177,0
DA:179,0
DA:181,0
DA:186,0
DA:193,0
DA:194,0
DA:196,0
DA:201,0
DA:202,0
DA:205,0
DA:210,0
DA:211,0
DA:212,0
DA:215,0
DA:216,0
DA:217,0
DA:220,0
DA:221,0
DA:222,0
DA:223,0
DA:224,0
DA:226,0
DA:227,0
DA:231,0
DA:233,0
DA:234,0
DA:235,0
DA:236,0
DA:244,0
DA:245,0
DA:246,0
DA:248,0
DA:249,0
DA:251,0
LF:99
LH:0
end_of_record
SF:lib/analytics/widgets/component_tracker.dart
DA:29,2
DA:40,2
DA:41,2
DA:47,2
DA:49,4
DA:52,4
DA:53,2
DA:60,2
DA:61,2
DA:62,4
DA:68,2
DA:73,4
DA:75,2
DA:76,12
DA:78,2
DA:80,4
DA:81,4
DA:82,4
DA:83,2
DA:84,4
DA:85,0
DA:87,2
DA:90,4
LF:23
LH:22
end_of_record
SF:lib/widgets/component_factory.dart
DA:23,0
DA:24,0
DA:25,0
DA:26,0
DA:31,0
DA:33,0
DA:36,0
DA:37,0
DA:40,0
DA:42,0
DA:45,0
DA:47,0
DA:52,0
DA:57,2
DA:59,2
DA:60,0
DA:66,2
DA:70,2
DA:71,8
DA:72,2
DA:73,2
DA:74,2
DA:75,2
DA:76,2
DA:77,2
DA:78,2
DA:79,2
DA:81,4
DA:82,2
DA:83,4
DA:88,2
DA:89,2
DA:90,2
DA:91,2
DA:92,2
DA:93,0
DA:94,2
DA:95,0
DA:96,2
DA:97,1
DA:98,1
DA:99,0
DA:100,1
DA:101,0
DA:102,1
DA:103,0
DA:104,1
DA:105,1
DA:106,1
DA:107,0
DA:108,1
DA:109,1
DA:110,0
DA:111,0
DA:112,0
DA:113,0
DA:114,0
DA:115,0
DA:116,0
DA:117,0
DA:118,0
DA:119,0
DA:120,0
DA:121,0
DA:122,0
DA:123,0
DA:124,0
DA:125,0
DA:126,0
DA:127,0
DA:128,0
DA:129,0
DA:130,0
DA:131,0
DA:132,0
DA:133,0
DA:134,0
DA:135,0
DA:136,0
DA:137,0
DA:138,0
DA:139,0
DA:140,0
DA:141,0
DA:142,0
DA:143,0
DA:144,0
DA:145,0
DA:148,0
DA:153,2
DA:160,0
DA:162,0
DA:163,0
DA:164,0
DA:165,0
DA:166,0
DA:168,0
DA:169,0
DA:171,0
DA:175,0
DA:176,0
DA:177,0
DA:180,0
DA:185,0
DA:189,0
DA:192,0
DA:193,0
DA:194,0
DA:195,0
DA:196,0
DA:197,0
DA:198,0
DA:199,0
DA:200,0
DA:201,0
DA:202,0
DA:203,0
DA:206,0
DA:207,0
DA:208,0
DA:209,0
DA:210,0
DA:211,0
DA:212,0
DA:213,0
DA:214,0
DA:215,0
DA:216,0
DA:217,0
DA:218,0
DA:219,0
DA:220,0
DA:221,0
DA:222,0
DA:223,0
DA:224,0
DA:225,0
DA:226,0
DA:227,0
DA:228,0
DA:229,0
DA:230,0
DA:232,0
DA:233,0
DA:234,0
DA:235,0
DA:236,0
DA:237,0
DA:238,0
DA:242,0
DA:245,0
DA:246,0
DA:247,0
DA:249,0
DA:252,0
DA:261,0
DA:262,0
DA:265,2
DA:266,2
DA:269,0
DA:270,0
DA:273,0
DA:274,0
DA:277,1
DA:278,3
DA:281,1
DA:282,2
DA:283,1
DA:284,0
DA:286,1
DA:287,1
DA:288,1
DA:289,1
DA:290,3
DA:291,1
DA:292,2
DA:294,2
DA:300,0
DA:301,0
DA:304,0
DA:305,0
DA:308,0
DA:310,0
DA:311,0
DA:312,0
DA:313,0
DA:314,0
DA:316,0
DA:319,0
DA:320,0
DA:321,0
DA:322,0
DA:323,0
DA:325,0
DA:326,0
DA:327,0
DA:328,0
DA:333,0
DA:336,0
DA:339,0
DA:340,0
DA:341,0
DA:342,0
DA:343,0
DA:345,0
DA:346,0
DA:347,0
DA:348,0
DA:355,0
DA:359,0
DA:360,0
DA:363,0
DA:364,0
DA:367,0
DA:368,0
DA:371,0
DA:372,0
DA:375,0
DA:376,0
DA:377,0
DA:378,0
DA:384,0
DA:389,0
DA:391,0
DA:392,0
DA:393,0
DA:394,0
DA:395,0
DA:396,0
DA:397,0
DA:398,0
DA:406,2
DA:408,0
DA:410,0
DA:412,0
DA:415,1
DA:417,1
DA:419,1
DA:421,1
DA:428,1
DA:430,1
DA:432,1
DA:434,1
DA:441,0
DA:443,0
DA:445,0
DA:447,0
DA:449,0
DA:451,0
DA:458,0
DA:460,0
DA:462,0
DA:464,0
DA:466,0
DA:473,0
DA:475,0
DA:477,0
DA:479,0
DA:481,0
DA:483,0
DA:490,1
DA:492,1
DA:493,1
DA:495,1
DA:497,1
DA:504,1
DA:506,0
DA:507,0
DA:509,0
DA:512,0
DA:513,0
DA:515,0
DA:516,0
DA:517,0
DA:523,0
DA:524,0
DA:527,1
DA:529,1
DA:530,1
DA:531,1
DA:532,3
DA:534,1
DA:535,0
DA:537,2
DA:538,2
DA:539,1
DA:540,1
DA:542,2
DA:543,1
DA:544,2
DA:546,1
DA:551,1
DA:552,0
DA:554,0
DA:557,0
DA:558,0
DA:560,0
DA:561,0
DA:563,0
DA:570,3
DA:571,2
DA:572,1
DA:573,1
DA:576,1
DA:583,1
DA:584,0
DA:585,0
DA:586,0
DA:592,1
DA:595,1
DA:602,0
DA:603,0
DA:606,1
DA:610,1
DA:611,1
DA:612,1
DA:614,1
DA:616,4
DA:617,0
DA:620,2
DA:622,2
DA:623,3
DA:624,1
DA:626,0
DA:627,0
DA:628,0
DA:629,0
DA:630,0
DA:633,1
DA:643,0
DA:645,0
DA:646,0
DA:647,0
DA:648,0
DA:649,0
DA:651,0
DA:652,0
DA:653,0
DA:654,0
DA:658,0
DA:660,0
DA:661,0
DA:662,0
DA:663,0
DA:664,0
DA:666,0
DA:667,0
DA:668,0
DA:669,0
DA:673,0
DA:674,0
DA:675,0
DA:676,0
DA:679,0
DA:680,0
DA:683,0
DA:686,0
DA:692,0
DA:693,0
DA:695,0
DA:697,0
DA:698,0
DA:703,0
DA:705,0
DA:706,0
DA:707,0
DA:708,0
DA:709,0
DA:710,0
DA:711,0
DA:712,0
DA:717,0
DA:718,0
DA:719,0
DA:720,0
DA:721,0
DA:724,0
DA:725,0
DA:726,0
DA:727,0
DA:732,0
DA:733,0
DA:734,0
DA:735,0
DA:740,0
DA:742,0
DA:743,0
DA:744,0
DA:745,0
DA:746,0
DA:747,0
DA:748,0
DA:749,0
DA:750,0
DA:752,0
DA:753,0
DA:754,0
DA:755,0
DA:760,0
DA:761,0
DA:762,0
DA:763,0
DA:766,0
DA:767,0
DA:768,0
DA:769,0
DA:770,0
DA:775,0
DA:777,0
DA:778,0
DA:779,0
DA:783,0
DA:786,0
DA:788,0
DA:790,0
DA:791,0
DA:792,0
DA:793,0
DA:794,0
DA:796,0
DA:803,0
DA:804,0
DA:807,0
DA:808,0
DA:809,0
DA:811,0
DA:812,0
DA:813,0
DA:814,0
DA:815,0
DA:816,0
DA:817,0
DA:818,0
DA:820,0
DA:821,0
DA:822,0
DA:824,0
DA:825,0
DA:830,0
DA:841,0
DA:843,0
DA:848,0
DA:850,0
DA:852,0
DA:853,0
DA:854,0
DA:855,0
DA:859,0
DA:869,0
DA:871,0
DA:872,0
DA:884,0
DA:886,0
DA:888,0
DA:889,0
DA:891,0
DA:892,0
DA:893,0
DA:894,0
DA:895,0
DA:898,0
DA:899,0
DA:900,0
DA:901,0
DA:902,0
DA:903,0
DA:905,0
DA:908,0
DA:909,0
DA:910,0
DA:912,0
DA:918,0
DA:919,0
DA:921,0
DA:922,0
DA:924,0
DA:926,0
DA:927,0
DA:928,0
DA:929,0
DA:930,0
DA:932,0
DA:937,0
DA:938,0
DA:939,0
DA:941,0
DA:944,0
DA:945,0
DA:946,0
DA:948,0
DA:949,0
DA:950,0
DA:953,0
DA:955,0
DA:956,0
DA:958,0
DA:959,0
DA:961,0
DA:962,0
DA:963,0
DA:966,0
DA:968,0
DA:969,0
DA:970,0
DA:971,0
DA:972,0
DA:977,0
DA:979,0
DA:980,0
DA:981,0
DA:985,0
DA:986,0
DA:987,0
DA:991,0
DA:992,0
DA:993,0
DA:997,0
DA:1001,0
DA:1003,0
DA:1007,0
DA:1008,0
DA:1010,0
DA:1015,0
DA:1016,0
DA:1017,0
DA:1023,0
DA:1024,0
DA:1025,0
DA:1026,0
DA:1031,0
DA:1033,0
DA:1034,0
DA:1039,0
DA:1045,0
DA:1046,0
DA:1047,0
DA:1055,0
DA:1058,0
DA:1060,0
DA:1064,0
DA:1069,0
DA:1070,0
DA:1072,0
DA:1079,0
DA:1081,0
DA:1082,0
DA:1083,0
DA:1088,0
DA:1090,0
DA:1091,0
DA:1093,0
DA:1100,0
DA:1101,0
DA:1102,0
DA:1111,0
DA:1113,0
DA:1114,0
DA:1121,0
DA:1124,0
DA:1126,0
DA:1127,0
DA:1128,0
DA:1130,0
DA:1131,0
DA:1132,0
DA:1133,0
DA:1134,0
DA:1136,0
DA:1137,0
DA:1140,0
LF:570
LH:97
end_of_record
SF:lib/events/action_dispatcher.dart
DA:19,0
DA:20,0
DA:24,0
DA:29,0
DA:30,0
DA:31,0
DA:34,0
DA:36,0
DA:38,0
DA:39,0
DA:44,0
DA:45,0
DA:46,0
DA:48,0
DA:49,0
DA:51,0
DA:52,0
DA:54,0
DA:55,0
DA:57,0
DA:58,0
DA:60,0
DA:61,0
DA:63,0
DA:64,0
DA:66,0
DA:67,0
DA:69,0
DA:70,0
DA:72,0
DA:73,0
DA:75,0
DA:76,0
DA:78,0
DA:79,0
DA:81,0
DA:82,0
DA:84,0
DA:85,0
DA:87,0
DA:88,0
DA:90,0
DA:91,0
DA:93,0
DA:94,0
DA:96,0
DA:97,0
DA:100,0
DA:104,0
DA:105,0
DA:107,0
DA:110,0
DA:111,0
DA:112,0
DA:115,0
DA:116,0
DA:119,0
DA:122,0
DA:124,0
DA:129,0
DA:134,0
DA:136,0
DA:137,0
DA:140,0
DA:144,0
DA:147,0
DA:150,0
DA:152,0
DA:156,0
DA:160,0
DA:163,0
DA:164,0
DA:166,0
DA:172,0
DA:174,0
DA:178,0
DA:182,0
DA:183,0
DA:186,0
DA:187,0
DA:190,0
DA:191,0
DA:192,0
DA:196,0
DA:201,0
DA:202,0
DA:203,0
DA:204,0
DA:206,0
DA:207,0
DA:209,0
DA:213,0
DA:219,0
DA:221,0
DA:222,0
DA:225,0
DA:226,0
DA:228,0
DA:229,0
DA:230,0
DA:231,0
DA:232,0
DA:237,0
DA:239,0
DA:242,0
DA:244,0
DA:248,0
DA:254,0
DA:259,0
DA:261,0
DA:264,0
DA:265,0
DA:270,0
DA:271,0
DA:272,0
DA:275,0
DA:279,0
DA:281,0
DA:282,0
DA:284,0
DA:285,0
DA:286,0
DA:287,0
DA:288,0
DA:289,0
DA:294,0
DA:301,0
DA:302,0
DA:307,0
DA:308,0
DA:316,0
DA:317,0
DA:318,0
DA:319,0
DA:320,0
DA:321,0
DA:322,0
DA:323,0
DA:324,0
DA:325,0
DA:326,0
DA:328,0
DA:329,0
DA:330,0
DA:331,0
DA:332,0
DA:333,0
DA:336,0
DA:338,0
DA:345,0
DA:348,0
DA:350,0
DA:352,0
DA:354,0
DA:359,0
DA:361,0
DA:363,0
DA:365,0
DA:370,0
DA:371,0
DA:373,0
DA:374,0
DA:375,0
DA:378,0
DA:379,0
DA:381,0
DA:382,0
DA:383,0
DA:384,0
DA:385,0
DA:391,0
DA:394,0
DA:395,0
DA:397,0
DA:398,0
DA:402,0
DA:403,0
DA:404,0
DA:406,0
DA:407,0
DA:408,0
DA:413,0
DA:414,0
DA:415,0
DA:421,0
DA:426,0
DA:430,0
DA:433,0
DA:437,0
DA:440,0
DA:443,0
DA:444,0
DA:447,0
DA:448,0
DA:450,0
DA:454,0
DA:459,0
DA:460,0
DA:461,0
DA:462,0
DA:463,0
DA:464,0
DA:470,0
DA:474,0
DA:475,0
DA:476,0
DA:478,0
DA:480,0
DA:481,0
DA:484,0
DA:489,0
DA:492,0
DA:495,0
DA:497,0
DA:498,0
DA:499,0
DA:501,0
DA:508,0
DA:512,0
DA:514,0
DA:517,0
DA:519,0
DA:520,0
DA:521,0
DA:523,0
DA:530,0
DA:535,0
DA:536,0
DA:537,0
DA:538,0
DA:541,0
DA:544,0
DA:545,0
DA:548,0
DA:549,0
DA:550,0
DA:551,0
DA:552,0
DA:554,0
DA:558,0
DA:564,0
DA:566,0
DA:567,0
DA:570,0
DA:571,0
DA:573,0
DA:574,0
DA:575,0
DA:576,0
DA:577,0
DA:580,0
DA:581,0
DA:583,0
DA:585,0
DA:589,0
DA:591,0
DA:595,0
DA:604,0
DA:605,0
DA:606,0
DA:608,0
DA:610,0
DA:617,0
DA:618,0
DA:623,0
DA:624,0
DA:625,0
DA:627,0
DA:628,0
DA:629,0
DA:630,0
DA:635,0
DA:638,0
DA:639,0
DA:640,0
DA:642,0
DA:643,0
DA:644,0
DA:646,0
DA:653,0
DA:657,0
DA:661,0
DA:664,0
DA:668,0
DA:670,0
DA:673,0
DA:680,0
DA:681,0
DA:682,0
DA:684,0
DA:686,0
DA:694,0
DA:698,0
DA:699,0
DA:701,0
DA:704,0
DA:705,0
DA:706,0
DA:707,0
DA:708,0
DA:710,0
DA:717,0
DA:718,0
DA:721,0
DA:722,0
DA:724,0
DA:727,0
DA:728,0
DA:730,0
DA:733,0
DA:737,0
DA:740,0
DA:742,0
DA:743,0
DA:744,0
DA:746,0
LF:316
LH:0
end_of_record
SF:lib/events/event_bus.dart
DA:5,0
DA:6,0
DA:7,0
DA:12,0
DA:14,0
DA:16,0
DA:23,0
DA:29,0
DA:35,0
LF:9
LH:0
end_of_record
SF:lib/events/action_middleware.dart
DA:6,0
DA:7,0
DA:8,0
DA:16,0
DA:18,0
DA:21,0
DA:23,0
DA:26,0
DA:32,0
DA:37,0
DA:38,0
DA:39,0
DA:40,0
DA:44,0
DA:45,0
DA:46,0
DA:50,0
DA:51,0
DA:52,0
DA:56,0
DA:61,0
DA:62,0
DA:66,0
DA:67,0
LF:24
LH:0
end_of_record
SF:lib/permissions/permission_manager.dart
DA:10,0
DA:11,0
DA:15,0
DA:16,0
DA:17,0
DA:21,0
DA:22,0
DA:23,0
DA:26,0
DA:27,0
DA:29,0
DA:31,0
DA:35,0
DA:38,0
DA:39,0
DA:40,0
DA:42,0
DA:45,0
DA:51,0
DA:52,0
DA:53,0
DA:54,0
DA:55,0
DA:57,0
DA:58,0
DA:65,0
DA:66,0
DA:70,0
DA:71,0
DA:72,0
DA:77,0
DA:78,0
DA:79,0
DA:84,0
DA:85,0
DA:87,0
DA:91,0
DA:94,0
DA:96,0
DA:100,0
DA:101,0
DA:108,0
DA:109,0
DA:113,0
DA:114,0
DA:118,0
DA:119,0
DA:123,0
DA:124,0
LF:49
LH:0
end_of_record
SF:lib/widgets/media_widgets.dart
DA:11,0
DA:19,0
DA:21,0
DA:23,0
DA:25,0
DA:26,0
DA:27,0
DA:28,0
DA:33,0
DA:35,0
DA:38,0
DA:39,0
DA:41,0
DA:42,0
DA:43,0
DA:44,0
DA:48,0
DA:50,0
DA:51,0
DA:52,0
DA:53,0
DA:60,0
DA:61,0
DA:62,0
DA:69,0
DA:71,0
DA:72,0
DA:75,0
DA:77,0
DA:78,0
DA:79,0
DA:80,0
DA:81,0
DA:83,0
DA:84,0
DA:85,0
DA:87,0
DA:90,0
DA:98,0
DA:99,0
DA:100,0
DA:107,0
DA:109,0
DA:110,0
DA:111,0
DA:112,0
DA:113,0
DA:114,0
DA:115,0
DA:119,0
DA:121,0
DA:122,0
DA:125,0
DA:127,0
DA:133,0
DA:134,0
DA:135,0
DA:137,0
DA:138,0
DA:139,0
DA:141,0
DA:142,0
DA:146,0
DA:147,0
DA:148,0
DA:149,0
DA:150,0
DA:162,0
DA:164,0
DA:165,0
DA:171,0
DA:173,0
DA:174,0
DA:175,0
DA:176,0
DA:177,0
DA:180,0
DA:182,0
LF:78
LH:0
end_of_record
SF:lib/widgets/components/switch_component.dart
DA:8,0
DA:10,0
DA:12,0
DA:13,0
DA:14,0
DA:16,0
DA:18,0
DA:19,0
DA:22,0
DA:23,0
DA:25,0
DA:26,0
DA:29,0
DA:30,0
DA:32,0
DA:33,0
DA:34,0
DA:35,0
DA:36,0
DA:39,0
DA:41,0
DA:42,0
DA:43,0
DA:48,0
LF:24
LH:0
end_of_record
SF:lib/widgets/components/slider_component.dart
DA:9,0
DA:11,0
DA:12,0
DA:13,0
DA:19,0
DA:21,0
DA:22,0
DA:25,0
DA:26,0
DA:27,0
DA:28,0
DA:29,0
DA:33,0
DA:35,0
DA:37,0
DA:38,0
DA:39,0
DA:40,0
DA:42,0
DA:43,0
DA:47,0
DA:52,0
LF:22
LH:0
end_of_record
SF:lib/widgets/components/text_field_component.dart
DA:11,0
DA:13,0
DA:14,0
DA:15,0
DA:21,0
DA:23,0
DA:24,0
DA:26,0
DA:32,0
DA:33,0
DA:37,0
DA:52,0
DA:61,0
DA:62,0
DA:70,0
DA:72,0
DA:73,0
DA:74,0
DA:77,0
DA:78,0
DA:80,0
DA:84,0
DA:87,0
DA:89,0
DA:90,0
DA:91,0
DA:92,0
DA:93,0
DA:100,0
DA:102,0
DA:103,0
DA:104,0
DA:107,0
DA:109,0
DA:110,0
DA:112,0
DA:114,0
DA:115,0
DA:116,0
DA:118,0
DA:119,0
DA:120,0
DA:121,0
DA:122,0
DA:123,0
DA:124,0
DA:125,0
DA:127,0
DA:128,0
DA:134,0
DA:135,0
DA:136,0
DA:138,0
DA:142,0
DA:145,0
DA:150,0
DA:152,0
DA:153,0
DA:154,0
DA:156,0
DA:157,0
DA:164,0
DA:166,0
DA:168,0
DA:179,0
LF:65
LH:0
end_of_record
SF:lib/widgets/components/button_component.dart
DA:9,0
DA:10,0
DA:11,0
DA:12,0
DA:14,0
DA:15,0
DA:16,0
DA:18,0
DA:19,0
DA:20,0
DA:23,0
DA:25,0
DA:26,0
DA:27,0
DA:29,0
DA:37,0
DA:39,0
DA:42,0
DA:44,0
DA:46,0
DA:53,0
DA:56,0
DA:59,0
DA:60,0
LF:24
LH:0
end_of_record
SF:lib/widgets/components/icon_component.dart
DA:7,0
DA:8,0
DA:9,0
DA:10,0
DA:12,0
DA:16,0
DA:17,0
DA:19,0
DA:21,0
DA:22,0
DA:23,0
DA:26,0
DA:27,0
DA:28,0
DA:30,0
LF:15
LH:0
end_of_record
SF:lib/widgets/components/text_component.dart
DA:9,0
DA:11,2
DA:13,2
DA:16,2
DA:17,2
DA:18,2
DA:21,4
DA:22,2
DA:23,2
DA:25,4
DA:26,4
DA:27,2
DA:28,4
DA:30,2
DA:33,0
DA:34,0
DA:37,0
DA:38,0
DA:39,0
DA:41,0
DA:42,0
DA:43,0
DA:44,0
DA:46,0
DA:52,2
DA:53,2
DA:56,2
DA:57,0
DA:58,0
DA:59,0
DA:61,0
DA:66,2
DA:67,4
DA:68,2
DA:70,1
DA:71,0
DA:72,0
DA:74,0
DA:82,2
DA:83,1
DA:85,1
DA:86,0
DA:87,0
DA:88,0
DA:89,1
DA:90,2
DA:91,3
DA:92,1
DA:97,3
DA:103,2
DA:104,2
DA:105,2
DA:106,2
DA:107,2
DA:108,0
DA:109,0
DA:111,2
DA:112,0
DA:113,0
LF:59
LH:34
end_of_record
SF:lib/widgets/components/image_component.dart
DA:9,0
DA:11,0
DA:12,0
DA:13,0
DA:16,0
DA:17,0
DA:18,0
DA:20,0
DA:21,0
DA:26,0
DA:27,0
DA:30,0
DA:31,0
DA:32,0
DA:34,0
DA:35,0
DA:47,0
DA:49,0
DA:50,0
DA:51,0
DA:52,0
DA:53,0
DA:54,0
DA:55,0
DA:56,0
DA:57,0
DA:61,0
DA:62,0
DA:63,0
DA:66,0
DA:68,0
DA:69,0
DA:70,0
DA:73,0
DA:74,0
DA:76,0
DA:77,0
DA:78,0
DA:79,0
DA:80,0
DA:81,0
DA:82,0
DA:83,0
DA:88,0
DA:94,0
DA:95,0
DA:96,0
DA:97,0
DA:98,0
DA:99,0
DA:100,0
DA:102,0
DA:103,0
DA:104,0
LF:54
LH:0
end_of_record
SF:lib/widgets/components/common.dart
DA:6,2
DA:7,2
DA:8,0
DA:9,2
DA:11,2
DA:15,2
DA:16,2
DA:19,0
DA:20,0
DA:21,0
DA:23,0
DA:24,0
DA:26,0
DA:31,2
DA:33,2
DA:36,2
DA:38,2
DA:40,2
DA:42,2
DA:49,2
DA:51,2
DA:53,2
DA:55,2
DA:62,2
DA:64,2
DA:66,2
DA:68,2
DA:77,0
DA:78,0
DA:79,0
DA:80,0
DA:81,0
DA:85,0
DA:86,0
DA:87,0
DA:88,0
DA:93,0
DA:98,0
LF:38
LH:20
end_of_record
SF:lib/widgets/graph_subscriber.dart
DA:10,0
DA:17,0
DA:18,0
DA:25,0
DA:27,0
DA:28,0
DA:29,0
DA:31,0
DA:34,0
DA:36,0
DA:38,0
DA:41,0
DA:43,0
DA:44,0
DA:46,0
DA:47,0
DA:50,0
DA:52,0
DA:55,0
DA:57,0
DA:59,0
DA:60,0
LF:22
LH:0
end_of_record
SF:lib/widgets/enhanced_page_builder.dart
DA:17,2
DA:19,2
DA:20,2
DA:26,2
DA:28,2
DA:30,2
DA:33,2
DA:36,2
DA:37,2
DA:40,2
DA:42,6
DA:43,8
DA:44,18
DA:46,4
DA:47,6
DA:52,2
DA:53,4
DA:54,6
DA:60,1
DA:61,1
DA:64,1
DA:65,2
DA:66,1
DA:67,1
DA:68,1
DA:69,1
DA:70,8
DA:73,1
DA:74,3
DA:75,1
DA:77,1
DA:78,3
DA:86,2
DA:88,2
DA:91,6
DA:92,0
DA:93,0
DA:94,0
DA:100,6
DA:101,1
DA:102,1
DA:103,1
DA:107,2
DA:110,1
DA:111,3
DA:114,1
DA:115,0
DA:116,0
DA:117,0
DA:118,1
DA:121,2
DA:122,1
DA:123,2
DA:124,4
DA:127,1
DA:128,1
DA:130,2
DA:135,1
DA:136,1
DA:137,1
DA:138,0
DA:140,1
DA:141,1
DA:142,1
DA:143,1
DA:146,1
DA:147,2
DA:148,1
DA:155,2
DA:157,6
DA:158,4
DA:159,2
DA:161,2
DA:162,6
DA:165,8
DA:166,2
DA:167,0
DA:168,2
DA:169,0
DA:172,2
DA:176,0
DA:177,0
DA:179,0
DA:186,0
DA:187,0
DA:188,0
DA:190,0
DA:199,2
DA:200,2
DA:202,2
DA:209,0
DA:210,0
DA:212,0
DA:213,0
DA:217,0
DA:218,0
DA:219,0
LF:97
LH:74
end_of_record
